#
# A fatal error has been detected by the Java Runtime Environment:
#
#  EXCEPTION_ACCESS_VIOLATION (0xc0000005) at pc=0x00007ffdecf6e0a9, pid=13168, tid=11840
#
# JRE version: OpenJDK Runtime Environment Microsoft-8035246 (17.0.8+7) (build 17.0.8+7-LTS)
# Java VM: OpenJDK 64-Bit Server VM Microsoft-8035246 (17.0.8+7-LTS, mixed mode, sharing, tiered, compressed oops, compressed class ptrs, g1 gc, windows-amd64)
# Problematic frame:
# V  [jvm.dll+0x2be0a9]
#
# No core dump will be written. Minidumps are not enabled by default on client versions of Windows
#
# If you would like to submit a bug report, please visit:
#   https://github.com/microsoft/openjdk/issues
#

---------------  S U M M A R Y ------------

Command Line: -XX:MaxMetaspaceSize=512m --add-opens=java.base/java.util=ALL-UNNAMED --add-opens=java.base/java.lang=ALL-UNNAMED --add-opens=java.base/java.lang.invoke=ALL-UNNAMED --add-opens=java.prefs/java.util.prefs=ALL-UNNAMED --add-opens=java.base/java.nio.charset=ALL-UNNAMED --add-opens=java.base/java.net=ALL-UNNAMED --add-opens=java.base/java.util.concurrent.atomic=ALL-UNNAMED -Xmx2048m -Dfile.encoding=windows-1252 -Duser.country=BR -Duser.language=pt -Duser.variant -javaagent:C:\Users\alima\.gradle\wrapper\dists\gradle-8.3-all\6en3ugtfdg5xnpx44z4qbwgas\gradle-8.3\lib\agents\gradle-instrumentation-agent-8.3.jar org.gradle.launcher.daemon.bootstrap.GradleDaemon 8.3

Host: AMD Athlon 3000G with Radeon Vega Graphics     , 4 cores, 13G,  Windows 10 , 64 bit Build 19041 (10.0.19041.3636)
Time: Wed Feb  7 12:02:04 2024 Hora oficial do Brasil elapsed time: 218.710814 seconds (0d 0h 3m 38s)

---------------  T H R E A D  ---------------

Current thread (0x000002072b8126d0):  JavaThread "C2 CompilerThread0" daemon [_thread_in_native, id=11840, stack(0x000000cb2d400000,0x000000cb2d500000)]


Current CompileTask:
C2: 218711 14790   !   4       org.gradle.cache.internal.DefaultMultiProcessSafeIndexedCache::getIfPresent (25 bytes)

Stack: [0x000000cb2d400000,0x000000cb2d500000],  sp=0x000000cb2d4fb500,  free space=1005k
Native frames: (J=compiled Java code, j=interpreted, Vv=VM code, C=native code)
V  [jvm.dll+0x2be0a9]
V  [jvm.dll+0x21ba8b]
V  [jvm.dll+0x21944b]
V  [jvm.dll+0x1a56b6]
V  [jvm.dll+0x2291ea]
V  [jvm.dll+0x22724c]
V  [jvm.dll+0x7efd0c]
V  [jvm.dll+0x7ea13a]
V  [jvm.dll+0x67ad85]
C  [ucrtbase.dll+0x21bb2]
C  [KERNEL32.DLL+0x17344]
C  [ntdll.dll+0x526b1]


siginfo: EXCEPTION_ACCESS_VIOLATION (0xc0000005), reading address 0x0000000000000028


Register to memory mapping:

RIP=0x00007ffdecf6e0a9 jvm.dll
RAX=0x000002074f313020 points into unknown readable memory: 0x0000000000000000 | 00 00 00 00 00 00 00 00
RBX=0x00000000000017a9 is an unknown value
RCX=0x000002074f323020 points into unknown readable memory: 0x0000035c0000035b | 5b 03 00 00 5c 03 00 00
RDX=0x0 is NULL
RSP=0x000000cb2d4fb500 is pointing into the stack for thread: 0x000002072b8126d0
RBP=0x000000cb2d4fb570 is pointing into the stack for thread: 0x000002072b8126d0
RSI=0x0 is NULL
RDI=0x0000000000000048 is an unknown value
R8 =0x0 is NULL
R9 =0x0 is NULL
R10=0x00007ffe1c770000 VCRUNTIME140.dll
R11=0x000002074f313040 points into unknown readable memory: 0x0000000000000000 | 00 00 00 00 00 00 00 00
R12=0x0000000000000050 is an unknown value
R13=0x0 is NULL
R14=0x0 is NULL
R15=0x000000cb2d4fe720 is pointing into the stack for thread: 0x000002072b8126d0


Registers:
RAX=0x000002074f313020, RBX=0x00000000000017a9, RCX=0x000002074f323020, RDX=0x0000000000000000
RSP=0x000000cb2d4fb500, RBP=0x000000cb2d4fb570, RSI=0x0000000000000000, RDI=0x0000000000000048
R8 =0x0000000000000000, R9 =0x0000000000000000, R10=0x00007ffe1c770000, R11=0x000002074f313040
R12=0x0000000000000050, R13=0x0000000000000000, R14=0x0000000000000000, R15=0x000000cb2d4fe720
RIP=0x00007ffdecf6e0a9, EFLAGS=0x0000000000010246

Top of Stack: (sp=0x000000cb2d4fb500)
0x000000cb2d4fb500:   00000000000017a9 0000000000000000
0x000000cb2d4fb510:   000000cb2d4fe720 00007ffdeced38d1
0x000000cb2d4fb520:   000002072b8088d0 00007ffd00002000
0x000000cb2d4fb530:   000002074f313020 0000020700000000
0x000000cb2d4fb540:   0000000000000002 0000020756020360
0x000000cb2d4fb550:   0000000000000002 000002072b8088d0
0x000000cb2d4fb560:   0000000000000000 0000000000000000
0x000000cb2d4fb570:   000002072b7f4e90 000002070dc284f0
0x000000cb2d4fb580:   0000000000000048 00007ffded5f4c08
0x000000cb2d4fb590:   000000cb2d4fb6a0 00007ffdececba8b
0x000000cb2d4fb5a0:   000000cb2d4fe720 00007ffded5f4c08
0x000000cb2d4fb5b0:   000000cb2d4fe720 000000cb2d4fb6a0
0x000000cb2d4fb5c0:   0000020700000000 00007ffded2cb7fb
0x000000cb2d4fb5d0:   000000cb0000000f 000000cb2d4fe720
0x000000cb2d4fb5e0:   000000cb2d4fb750 0000000000000000
0x000000cb2d4fb5f0:   0000020700000100 00007ffded5f4c08 

Instructions: (pc=0x00007ffdecf6e0a9)
0x00007ffdecf6dfa9:   3b d0 75 0b ff c1 41 3b c9 7c dc 48 8b c2 c3 33
0x00007ffdecf6dfb9:   c0 c3 cc cc cc cc cc 48 89 5c 24 18 55 56 57 41
0x00007ffdecf6dfc9:   55 41 57 48 8b ec 48 83 ec 70 65 48 8b 04 25 58
0x00007ffdecf6dfd9:   00 00 00 48 8b f2 44 8b 05 d2 8b 90 00 4c 8b f9
0x00007ffdecf6dfe9:   4a 8b 1c c0 b8 50 00 00 00 80 3c 18 00 75 05 e8
0x00007ffdecf6dff9:   8b 6f 5d 00 b8 20 00 00 00 48 8b 04 18 48 8b 98
0x00007ffdecf6e009:   38 02 00 00 48 89 5d b0 c7 45 b8 04 00 00 00 48
0x00007ffdecf6e019:   8b 43 18 48 83 f8 df 76 18 4c 8d 05 37 a9 65 00
0x00007ffdecf6e029:   ba 20 00 00 00 48 8b cb e8 5a eb de ff 48 8b 43
0x00007ffdecf6e039:   18 48 8d 48 20 48 3b 4b 20 76 11 45 33 c0 48 8b
0x00007ffdecf6e049:   cb 41 8d 50 20 e8 fd e8 de ff eb 04 48 89 4b 18
0x00007ffdecf6e059:   44 8b 45 b8 33 d2 49 c1 e0 03 48 8b c8 48 89 45
0x00007ffdecf6e069:   c0 e8 e3 80 5d 00 45 33 ed 48 8d 4d d0 44 89 6d
0x00007ffdecf6e079:   c8 e8 01 59 56 00 41 8b 9f 40 02 00 00 41 2b 9f
0x00007ffdecf6e089:   68 02 00 00 44 89 6d f0 3b 5d b8 72 0b 8b d3 48
0x00007ffdecf6e099:   8d 4d b0 e8 6f b3 39 00 48 8b 45 c0 4c 89 2c d8
0x00007ffdecf6e0a9:   8b 7e 28 8b df c1 eb 05 3b 5d d0 72 0b 8b d3 48
0x00007ffdecf6e0b9:   8d 4d d0 e8 1f 59 56 00 48 8b 45 d8 83 e7 1f 48
0x00007ffdecf6e0c9:   8d 14 98 40 0f b6 cf 41 b8 01 00 00 00 41 d3 e0
0x00007ffdecf6e0d9:   8b 0a 8b c1 41 0b c0 89 02 41 85 c8 75 21 8b 5d
0x00007ffdecf6e0e9:   c8 8d 43 01 89 45 c8 3b 5d b8 72 0b 8b d3 48 8d
0x00007ffdecf6e0f9:   4d b0 e8 10 b3 39 00 48 8b 45 c0 48 89 34 d8 44
0x00007ffdecf6e109:   39 6d c8 0f 86 77 01 00 00 4c 89 a4 24 a0 00 00
0x00007ffdecf6e119:   00 4c 89 b4 24 a8 00 00 00 48 8b 45 c0 41 8b cd
0x00007ffdecf6e129:   48 8b 34 c8 8b 46 2c 25 ff 1f 00 00 3d 04 10 00
0x00007ffdecf6e139:   00 0f 85 a7 00 00 00 bb 01 00 00 00 39 5e 18 76
0x00007ffdecf6e149:   39 66 0f 1f 44 00 00 48 8b 46 08 8b cb 48 8b 14
0x00007ffdecf6e159:   c8 48 85 d2 74 1d 48 83 7a 10 00 74 16 80 7a 2c
0x00007ffdecf6e169:   84 74 10 e8 7f 7e ee ff 48 8b d0 49 8b cf e8 a4
0x00007ffdecf6e179:   61 f6 ff ff c3 3b 5e 18 72 cd 48 8b 5e 10 8b 46
0x00007ffdecf6e189:   20 4c 8d 34 c3 49 3b de 73 54 48 8b 3b 8b 47 2c
0x00007ffdecf6e199:   83 e0 03 3c 03 75 2e 48 8b 07 48 8b cf ff 90 88 


Stack slot to memory mapping:
stack at sp + 0 slots: 0x00000000000017a9 is an unknown value
stack at sp + 1 slots: 0x0 is NULL
stack at sp + 2 slots: 0x000000cb2d4fe720 is pointing into the stack for thread: 0x000002072b8126d0
stack at sp + 3 slots: 0x00007ffdeced38d1 jvm.dll
stack at sp + 4 slots: 0x000002072b8088d0 points into unknown readable memory: 0x0000000000000006 | 06 00 00 00 00 00 00 00
stack at sp + 5 slots: 0x00007ffd00002000 is an unknown value
stack at sp + 6 slots: 0x000002074f313020 points into unknown readable memory: 0x0000000000000000 | 00 00 00 00 00 00 00 00
stack at sp + 7 slots: 0x0000020700000000 is an unknown value


---------------  P R O C E S S  ---------------

Threads class SMR info:
_java_thread_list=0x000002074e93e040, length=93, elements={
0x000002070dc11410, 0x000002072b7f5900, 0x000002072b7f6690, 0x000002072b8096d0,
0x000002072b80c370, 0x000002072b80dc50, 0x000002072b80e520, 0x000002072b8126d0,
0x000002072b8330a0, 0x000002072b8339b0, 0x000002072ba5a260, 0x000002072bafd4a0,
0x000002074bf9d6a0, 0x000002074b7be460, 0x000002074c7cea70, 0x000002074c7384d0,
0x000002074c738d80, 0x000002074b8fdb10, 0x000002074c754840, 0x000002074b868b90,
0x000002074b86b410, 0x000002074b86a4e0, 0x000002074b86af00, 0x000002074b8690a0,
0x000002074b868170, 0x000002074b869ac0, 0x000002074b86b920, 0x000002074b8695b0,
0x000002074b868680, 0x000002074b86a9f0, 0x000002074c31a4d0, 0x000002074c31d260,
0x000002074c319fc0, 0x000002074c31aef0, 0x000002074c316810, 0x000002074c31cd50,
0x000002074c31be20, 0x000002074c31c330, 0x000002074c318670, 0x000002074c31b400,
0x000002074c315df0, 0x000002074c31d770, 0x000002074c3195a0, 0x000002074c316300,
0x000002074c319090, 0x000002074c316d20, 0x000002074c317740, 0x000002074c317c50,
0x000002074c318160, 0x000002074d477570, 0x000002074d479df0, 0x000002074d47dab0,
0x000002074d47d5a0, 0x000002074d47b740, 0x000002074d47a810, 0x000002074d477f90,
0x000002074d4793d0, 0x000002074d47ad20, 0x000002074d47e4d0, 0x000002074d477060,
0x000002074d47c670, 0x000002074d47bc50, 0x000002074d4789b0, 0x000002074d47e9e0,
0x000002074d47dfc0, 0x000002074d477a80, 0x000002074d4798e0, 0x0000020751181680,
0x000002075117fd30, 0x0000020751181b90, 0x000002075117e3e0, 0x000002075117e8f0,
0x000002075117d4b0, 0x000002075117c070, 0x000002075117cfa0, 0x0000020751180240,
0x0000020751180750, 0x000002075117d9c0, 0x00000207511825b0, 0x0000020751182fd0,
0x0000020751182ac0, 0x000002075117ee00, 0x0000020751180c60, 0x000002075117f310,
0x000002075117f820, 0x000002075117ded0, 0x000002075117c580, 0x000002075117ca90,
0x0000020751181170, 0x00000207511820a0, 0x000002074b869fd0, 0x0000020757f40a90,
0x0000020757f41ed0
}

Java Threads: ( => current thread )
  0x000002070dc11410 JavaThread "main" [_thread_blocked, id=6752, stack(0x000000cb2c700000,0x000000cb2c800000)]
  0x000002072b7f5900 JavaThread "Reference Handler" daemon [_thread_blocked, id=13124, stack(0x000000cb2ce00000,0x000000cb2cf00000)]
  0x000002072b7f6690 JavaThread "Finalizer" daemon [_thread_blocked, id=11472, stack(0x000000cb2cf00000,0x000000cb2d000000)]
  0x000002072b8096d0 JavaThread "Signal Dispatcher" daemon [_thread_blocked, id=9192, stack(0x000000cb2d000000,0x000000cb2d100000)]
  0x000002072b80c370 JavaThread "Attach Listener" daemon [_thread_blocked, id=6756, stack(0x000000cb2d100000,0x000000cb2d200000)]
  0x000002072b80dc50 JavaThread "Service Thread" daemon [_thread_blocked, id=4032, stack(0x000000cb2d200000,0x000000cb2d300000)]
  0x000002072b80e520 JavaThread "Monitor Deflation Thread" daemon [_thread_blocked, id=9220, stack(0x000000cb2d300000,0x000000cb2d400000)]
=>0x000002072b8126d0 JavaThread "C2 CompilerThread0" daemon [_thread_in_native, id=11840, stack(0x000000cb2d400000,0x000000cb2d500000)]
  0x000002072b8330a0 JavaThread "C1 CompilerThread0" daemon [_thread_blocked, id=10100, stack(0x000000cb2d500000,0x000000cb2d600000)]
  0x000002072b8339b0 JavaThread "Sweeper thread" daemon [_thread_blocked, id=2804, stack(0x000000cb2d600000,0x000000cb2d700000)]
  0x000002072ba5a260 JavaThread "Common-Cleaner" daemon [_thread_blocked, id=10368, stack(0x000000cb2d700000,0x000000cb2d800000)]
  0x000002072bafd4a0 JavaThread "Notification Thread" daemon [_thread_blocked, id=10928, stack(0x000000cb2d800000,0x000000cb2d900000)]
  0x000002074bf9d6a0 JavaThread "Daemon health stats" [_thread_blocked, id=10728, stack(0x000000cb2da00000,0x000000cb2db00000)]
  0x000002074b7be460 JavaThread "Incoming local TCP Connector on port 58835" [_thread_in_native, id=9404, stack(0x000000cb2de00000,0x000000cb2df00000)]
  0x000002074c7cea70 JavaThread "Daemon periodic checks" [_thread_blocked, id=9020, stack(0x000000cb2df00000,0x000000cb2e000000)]
  0x000002074c7384d0 JavaThread "Daemon" [_thread_blocked, id=10900, stack(0x000000cb2e000000,0x000000cb2e100000)]
  0x000002074c738d80 JavaThread "Handler for socket connection from /127.0.0.1:58835 to /127.0.0.1:58836" [_thread_in_native, id=6676, stack(0x000000cb2e100000,0x000000cb2e200000)]
  0x000002074b8fdb10 JavaThread "Cancel handler" [_thread_blocked, id=4716, stack(0x000000cb2e200000,0x000000cb2e300000)]
  0x000002074c754840 JavaThread "Daemon worker" [_thread_blocked, id=10560, stack(0x000000cb2e300000,0x000000cb2e400000)]
  0x000002074b868b90 JavaThread "Asynchronous log dispatcher for DefaultDaemonConnection: socket connection from /127.0.0.1:58835 to /127.0.0.1:58836" [_thread_blocked, id=11512, stack(0x000000cb2e400000,0x000000cb2e500000)]
  0x000002074b86b410 JavaThread "Stdin handler" [_thread_blocked, id=6768, stack(0x000000cb2e500000,0x000000cb2e600000)]
  0x000002074b86a4e0 JavaThread "Daemon client event forwarder" [_thread_blocked, id=8308, stack(0x000000cb2e600000,0x000000cb2e700000)]
  0x000002074b86af00 JavaThread "Cache worker for journal cache (C:\Users\alima\.gradle\caches\journal-1)" [_thread_blocked, id=1464, stack(0x000000cb2e700000,0x000000cb2e800000)]
  0x000002074b8690a0 JavaThread "File lock request listener" [_thread_in_native, id=13084, stack(0x000000cb2e800000,0x000000cb2e900000)]
  0x000002074b868170 JavaThread "Cache worker for file hash cache (C:\Users\alima\.gradle\caches\8.3\fileHashes)" [_thread_in_vm, id=8792, stack(0x000000cb2e900000,0x000000cb2ea00000)]
  0x000002074b869ac0 JavaThread "File watcher server" daemon [_thread_in_native, id=5600, stack(0x000000cb2ea00000,0x000000cb2eb00000)]
  0x000002074b86b920 JavaThread "File watcher consumer" daemon [_thread_blocked, id=10600, stack(0x000000cb2eb00000,0x000000cb2ec00000)]
  0x000002074b8695b0 JavaThread "Cache worker for checksums cache (C:\projetos\stock_control\android\.gradle\8.3\checksums)" [_thread_blocked, id=7728, stack(0x000000cb2ec00000,0x000000cb2ed00000)]
  0x000002074b868680 JavaThread "Cache worker for file hash cache (C:\projetos\stock_control\android\.gradle\8.3\fileHashes)" [_thread_blocked, id=3944, stack(0x000000cb2ed00000,0x000000cb2ee00000)]
  0x000002074b86a9f0 JavaThread "Cache worker for cache directory md-supplier (C:\Users\alima\.gradle\caches\8.3\md-supplier)" [_thread_blocked, id=12872, stack(0x000000cb2ee00000,0x000000cb2ef00000)]
  0x000002074c31a4d0 JavaThread "Cache worker for file content cache (C:\Users\alima\.gradle\caches\8.3\fileContent)" [_thread_blocked, id=1992, stack(0x000000cb2ef00000,0x000000cb2f000000)]
  0x000002074c31d260 JavaThread "Cache worker for cache directory md-rule (C:\Users\alima\.gradle\caches\8.3\md-rule)" [_thread_blocked, id=9872, stack(0x000000cb2f000000,0x000000cb2f100000)]
  0x000002074c319fc0 JavaThread "Cache worker for execution history cache (C:\Users\alima\.gradle\caches\8.3\executionHistory)" [_thread_blocked, id=10752, stack(0x000000cb2f100000,0x000000cb2f200000)]
  0x000002074c31aef0 JavaThread "jar transforms" [_thread_blocked, id=7292, stack(0x000000cb2f200000,0x000000cb2f300000)]
  0x000002074c316810 JavaThread "jar transforms Thread 2" [_thread_blocked, id=12816, stack(0x000000cb2f300000,0x000000cb2f400000)]
  0x000002074c31cd50 JavaThread "jar transforms Thread 3" [_thread_blocked, id=5368, stack(0x000000cb2f400000,0x000000cb2f500000)]
  0x000002074c31be20 JavaThread "jar transforms Thread 4" [_thread_blocked, id=7364, stack(0x000000cb2f500000,0x000000cb2f600000)]
  0x000002074c31c330 JavaThread "Cache worker for kotlin-dsl (C:\Users\alima\.gradle\caches\8.3\kotlin-dsl)" [_thread_blocked, id=7700, stack(0x000000cb2f600000,0x000000cb2f700000)]
  0x000002074c318670 JavaThread "Unconstrained build operations" [_thread_blocked, id=4136, stack(0x000000cb2f900000,0x000000cb2fa00000)]
  0x000002074c31b400 JavaThread "Unconstrained build operations Thread 2" [_thread_blocked, id=9808, stack(0x000000cb2fa00000,0x000000cb2fb00000)]
  0x000002074c315df0 JavaThread "Cache worker for dependencies-accessors (C:\projetos\stock_control\android\.gradle\8.3\dependencies-accessors)" [_thread_blocked, id=1484, stack(0x000000cb2fb00000,0x000000cb2fc00000)]
  0x000002074c31d770 JavaThread "Cache worker for Build Output Cleanup Cache (C:\projetos\stock_control\node_modules\@react-native\gradle-plugin\.gradle\buildOutputCleanup)" [_thread_blocked, id=5544, stack(0x000000cb2c400000,0x000000cb2c500000)]
  0x000002074c3195a0 JavaThread "Unconstrained build operations Thread 3" [_thread_blocked, id=8508, stack(0x000000cb2c500000,0x000000cb2c600000)]
  0x000002074c316300 JavaThread "Unconstrained build operations Thread 4" [_thread_blocked, id=9004, stack(0x000000cb2c600000,0x000000cb2c700000)]
  0x000002074c319090 JavaThread "Unconstrained build operations Thread 5" [_thread_blocked, id=7892, stack(0x000000cb2fc00000,0x000000cb2fd00000)]
  0x000002074c316d20 JavaThread "Memory manager" [_thread_blocked, id=9564, stack(0x000000cb2fe00000,0x000000cb2ff00000)]
  0x000002074c317740 JavaThread "Cache worker for Build Output Cleanup Cache (C:\projetos\stock_control\android\.gradle\buildOutputCleanup)" [_thread_blocked, id=12276, stack(0x000000cb2fd00000,0x000000cb2fe00000)]
  0x000002074c317c50 JavaThread "ForkJoinPool.commonPool-worker-1" daemon [_thread_blocked, id=13288, stack(0x000000cb2ff00000,0x000000cb30000000)]
  0x000002074c318160 JavaThread "ForkJoinPool.commonPool-worker-2" daemon [_thread_blocked, id=7636, stack(0x000000cb30000000,0x000000cb30100000)]
  0x000002074d477570 JavaThread "Execution worker" [_thread_blocked, id=6552, stack(0x000000cb30700000,0x000000cb30800000)]
  0x000002074d479df0 JavaThread "Execution worker Thread 2" [_thread_blocked, id=8480, stack(0x000000cb30800000,0x000000cb30900000)]
  0x000002074d47dab0 JavaThread "Execution worker Thread 3" [_thread_blocked, id=10204, stack(0x000000cb30900000,0x000000cb30a00000)]
  0x000002074d47d5a0 JavaThread "Cache worker for execution history cache (C:\projetos\stock_control\node_modules\@react-native\gradle-plugin\.gradle\8.3\executionHistory)" [_thread_blocked, id=4700, stack(0x000000cb30500000,0x000000cb30600000)]
  0x000002074d47b740 JavaThread "Unconstrained build operations Thread 6" [_thread_blocked, id=10908, stack(0x000000cb30b00000,0x000000cb30c00000)]
  0x000002074d47a810 JavaThread "Unconstrained build operations Thread 7" [_thread_blocked, id=11844, stack(0x000000cb30c00000,0x000000cb30d00000)]
  0x000002074d477f90 JavaThread "Unconstrained build operations Thread 8" [_thread_in_vm, id=12328, stack(0x000000cb30d00000,0x000000cb30e00000)]
  0x000002074d4793d0 JavaThread "Unconstrained build operations Thread 9" [_thread_blocked, id=2624, stack(0x000000cb30a00000,0x000000cb30b00000)]
  0x000002074d47ad20 JavaThread "Unconstrained build operations Thread 10" [_thread_blocked, id=11388, stack(0x000000cb30e00000,0x000000cb30f00000)]
  0x000002074d47e4d0 JavaThread "Unconstrained build operations Thread 11" [_thread_blocked, id=11432, stack(0x000000cb30f00000,0x000000cb31000000)]
  0x000002074d477060 JavaThread "Unconstrained build operations Thread 12" [_thread_blocked, id=9928, stack(0x000000cb31000000,0x000000cb31100000)]
  0x000002074d47c670 JavaThread "Unconstrained build operations Thread 13" [_thread_blocked, id=11596, stack(0x000000cb31100000,0x000000cb31200000)]
  0x000002074d47bc50 JavaThread "Unconstrained build operations Thread 14" [_thread_blocked, id=3276, stack(0x000000cb30200000,0x000000cb30300000)]
  0x000002074d4789b0 JavaThread "Unconstrained build operations Thread 15" [_thread_blocked, id=872, stack(0x000000cb30300000,0x000000cb30400000)]
  0x000002074d47e9e0 JavaThread "Unconstrained build operations Thread 16" [_thread_blocked, id=8164, stack(0x000000cb30400000,0x000000cb30500000)]
  0x000002074d47dfc0 JavaThread "Unconstrained build operations Thread 17" [_thread_blocked, id=2984, stack(0x000000cb30100000,0x000000cb30200000)]
  0x000002074d477a80 JavaThread "Unconstrained build operations Thread 18" [_thread_blocked, id=2572, stack(0x000000cb30600000,0x000000cb30700000)]
  0x000002074d4798e0 JavaThread "Unconstrained build operations Thread 19" [_thread_blocked, id=12308, stack(0x000000cb31200000,0x000000cb31300000)]
  0x0000020751181680 JavaThread "Unconstrained build operations Thread 20" [_thread_blocked, id=7156, stack(0x000000cb31300000,0x000000cb31400000)]
  0x000002075117fd30 JavaThread "Unconstrained build operations Thread 21" [_thread_blocked, id=12660, stack(0x000000cb31400000,0x000000cb31500000)]
  0x0000020751181b90 JavaThread "Unconstrained build operations Thread 22" [_thread_blocked, id=12820, stack(0x000000cb31500000,0x000000cb31600000)]
  0x000002075117e3e0 JavaThread "ForkJoinPool.commonPool-worker-4" daemon [_thread_blocked, id=7696, stack(0x000000cb31600000,0x000000cb31700000)]
  0x000002075117e8f0 JavaThread "pool-3-thread-1" [_thread_blocked, id=660, stack(0x000000cb31700000,0x000000cb31800000)]
  0x000002075117d4b0 JavaThread "build event listener" [_thread_blocked, id=2496, stack(0x000000cb31800000,0x000000cb31900000)]
  0x000002075117c070 JavaThread "included builds Thread 2" [_thread_blocked, id=12176, stack(0x000000cb31900000,0x000000cb31a00000)]
  0x000002075117cfa0 JavaThread "Unconstrained build operations Thread 23" [_thread_blocked, id=9244, stack(0x000000cb31b00000,0x000000cb31c00000)]
  0x0000020751180240 JavaThread "Unconstrained build operations Thread 24" [_thread_blocked, id=12136, stack(0x000000cb31c00000,0x000000cb31d00000)]
  0x0000020751180750 JavaThread "Unconstrained build operations Thread 25" [_thread_blocked, id=3024, stack(0x000000cb31d00000,0x000000cb31e00000)]
  0x000002075117d9c0 JavaThread "Unconstrained build operations Thread 26" [_thread_blocked, id=7976, stack(0x000000cb31a00000,0x000000cb31b00000)]
  0x00000207511825b0 JavaThread "Unconstrained build operations Thread 27" [_thread_blocked, id=9860, stack(0x000000cb31e00000,0x000000cb31f00000)]
  0x0000020751182fd0 JavaThread "Unconstrained build operations Thread 28" [_thread_blocked, id=2448, stack(0x000000cb31f00000,0x000000cb32000000)]
  0x0000020751182ac0 JavaThread "Unconstrained build operations Thread 29" [_thread_blocked, id=8764, stack(0x000000cb32100000,0x000000cb32200000)]
  0x000002075117ee00 JavaThread "Unconstrained build operations Thread 30" [_thread_blocked, id=3000, stack(0x000000cb32200000,0x000000cb32300000)]
  0x0000020751180c60 JavaThread "Unconstrained build operations Thread 31" [_thread_blocked, id=1516, stack(0x000000cb32300000,0x000000cb32400000)]
  0x000002075117f310 JavaThread "Unconstrained build operations Thread 32" [_thread_blocked, id=7576, stack(0x000000cb32400000,0x000000cb32500000)]
  0x000002075117f820 JavaThread "Unconstrained build operations Thread 33" [_thread_blocked, id=7964, stack(0x000000cb32500000,0x000000cb32600000)]
  0x000002075117ded0 JavaThread "Unconstrained build operations Thread 34" [_thread_blocked, id=4740, stack(0x000000cb32600000,0x000000cb32700000)]
  0x000002075117c580 JavaThread "Unconstrained build operations Thread 35" [_thread_blocked, id=8132, stack(0x000000cb32700000,0x000000cb32800000)]
  0x000002075117ca90 JavaThread "Unconstrained build operations Thread 36" [_thread_blocked, id=8876, stack(0x000000cb32800000,0x000000cb32900000)]
  0x0000020751181170 JavaThread "Unconstrained build operations Thread 37" [_thread_blocked, id=10696, stack(0x000000cb32900000,0x000000cb32a00000)]
  0x00000207511820a0 JavaThread "Unconstrained build operations Thread 38" [_thread_blocked, id=12696, stack(0x000000cb32a00000,0x000000cb32b00000)]
  0x000002074b869fd0 JavaThread "Unconstrained build operations Thread 39" [_thread_blocked, id=12848, stack(0x000000cb32b00000,0x000000cb32c00000)]
  0x0000020757f40a90 JavaThread "Unconstrained build operations Thread 40" [_thread_blocked, id=9984, stack(0x000000cb32c00000,0x000000cb32d00000)]
  0x0000020757f41ed0 JavaThread "Cache worker for execution history cache (C:\projetos\stock_control\android\.gradle\8.3\executionHistory)" [_thread_blocked, id=11552, stack(0x000000cb32d00000,0x000000cb32e00000)]

Other Threads:
  0x000002072b7ec500 VMThread "VM Thread" [stack: 0x000000cb2cd00000,0x000000cb2ce00000] [id=1496]
  0x000002072bbb87d0 WatcherThread [stack: 0x000000cb2d900000,0x000000cb2da00000] [id=9056]
  0x000002070dc6f880 GCTaskThread "GC Thread#0" [stack: 0x000000cb2c800000,0x000000cb2c900000] [id=7692]
  0x000002074b177150 GCTaskThread "GC Thread#1" [stack: 0x000000cb2db00000,0x000000cb2dc00000] [id=11012]
  0x000002074b12de70 GCTaskThread "GC Thread#2" [stack: 0x000000cb2dc00000,0x000000cb2dd00000] [id=12520]
  0x000002074b19fc90 GCTaskThread "GC Thread#3" [stack: 0x000000cb2dd00000,0x000000cb2de00000] [id=5196]
  0x000002070dc806e0 ConcurrentGCThread "G1 Main Marker" [stack: 0x000000cb2c900000,0x000000cb2ca00000] [id=11088]
  0x000002070dc81000 ConcurrentGCThread "G1 Conc#0" [stack: 0x000000cb2ca00000,0x000000cb2cb00000] [id=11728]
  0x000002070dccd6d0 ConcurrentGCThread "G1 Refine#0" [stack: 0x000000cb2cb00000,0x000000cb2cc00000] [id=1336]
  0x000002070dcce010 ConcurrentGCThread "G1 Service" [stack: 0x000000cb2cc00000,0x000000cb2cd00000] [id=12932]

Threads with active compile tasks:
C2 CompilerThread0   218758 14790   !   4       org.gradle.cache.internal.DefaultMultiProcessSafeIndexedCache::getIfPresent (25 bytes)

VM state: not at safepoint (normal execution)

VM Mutex/Monitor currently owned by a thread: None

Heap address: 0x0000000080000000, size: 2048 MB, Compressed Oops mode: 32-bit

CDS archive(s) mapped at: [0x000002072c000000-0x000002072cbd0000-0x000002072cbd0000), size 12386304, SharedBaseAddress: 0x000002072c000000, ArchiveRelocationMode: 1.
Compressed class space mapped at: 0x000002072d000000-0x0000020747000000, reserved size: 436207616
Narrow klass base: 0x000002072c000000, Narrow klass shift: 0, Narrow klass range: 0x100000000

GC Precious Log:
 CPUs: 4 total, 4 available
 Memory: 14265M
 Large Page Support: Disabled
 NUMA Support: Disabled
 Compressed Oops: Enabled (32-bit)
 Heap Region Size: 1M
 Heap Min Capacity: 8M
 Heap Initial Capacity: 224M
 Heap Max Capacity: 2G
 Pre-touch: Disabled
 Parallel Workers: 4
 Concurrent Workers: 1
 Concurrent Refinement Workers: 4
 Periodic GC: Disabled

Heap:
 garbage-first heap   total 196608K, used 167313K [0x0000000080000000, 0x0000000100000000)
  region size 1024K, 15 young (15360K), 3 survivors (3072K)
 Metaspace       used 101295K, committed 102272K, reserved 557056K
  class space    used 13999K, committed 14464K, reserved 425984K

Heap Regions: E=young(eden), S=young(survivor), O=old, HS=humongous(starts), HC=humongous(continues), CS=collection set, F=free, OA=open archive, CA=closed archive, TAMS=top-at-mark-start (previous, next)
|   0|0x0000000080000000, 0x0000000080100000, 0x0000000080100000|100%| O|  |TAMS 0x0000000080100000, 0x0000000080000000| Untracked 
|   1|0x0000000080100000, 0x0000000080200000, 0x0000000080200000|100%| O|  |TAMS 0x0000000080200000, 0x0000000080100000| Untracked 
|   2|0x0000000080200000, 0x0000000080300000, 0x0000000080300000|100%|HS|  |TAMS 0x0000000080300000, 0x0000000080200000| Complete 
|   3|0x0000000080300000, 0x0000000080400000, 0x0000000080400000|100%|HC|  |TAMS 0x0000000080400000, 0x0000000080300000| Complete 
|   4|0x0000000080400000, 0x0000000080500000, 0x0000000080500000|100%|HC|  |TAMS 0x0000000080500000, 0x0000000080400000| Complete 
|   5|0x0000000080500000, 0x0000000080600000, 0x0000000080600000|100%|HC|  |TAMS 0x0000000080600000, 0x0000000080500000| Complete 
|   6|0x0000000080600000, 0x0000000080700000, 0x0000000080700000|100%| O|  |TAMS 0x0000000080700000, 0x0000000080600000| Untracked 
|   7|0x0000000080700000, 0x0000000080800000, 0x0000000080800000|100%| O|  |TAMS 0x0000000080800000, 0x0000000080700000| Untracked 
|   8|0x0000000080800000, 0x0000000080900000, 0x0000000080900000|100%| O|  |TAMS 0x0000000080900000, 0x0000000080800000| Untracked 
|   9|0x0000000080900000, 0x0000000080a00000, 0x0000000080a00000|100%| O|  |TAMS 0x0000000080a00000, 0x0000000080900000| Untracked 
|  10|0x0000000080a00000, 0x0000000080b00000, 0x0000000080b00000|100%| O|  |TAMS 0x0000000080b00000, 0x0000000080a00000| Untracked 
|  11|0x0000000080b00000, 0x0000000080c00000, 0x0000000080c00000|100%| O|  |TAMS 0x0000000080c00000, 0x0000000080b00000| Untracked 
|  12|0x0000000080c00000, 0x0000000080d00000, 0x0000000080d00000|100%| O|  |TAMS 0x0000000080d00000, 0x0000000080c00000| Untracked 
|  13|0x0000000080d00000, 0x0000000080e00000, 0x0000000080e00000|100%| O|  |TAMS 0x0000000080e00000, 0x0000000080d00000| Untracked 
|  14|0x0000000080e00000, 0x0000000080f00000, 0x0000000080f00000|100%| O|  |TAMS 0x0000000080f00000, 0x0000000080e00000| Untracked 
|  15|0x0000000080f00000, 0x0000000081000000, 0x0000000081000000|100%| O|  |TAMS 0x0000000081000000, 0x0000000080f00000| Untracked 
|  16|0x0000000081000000, 0x0000000081100000, 0x0000000081100000|100%| O|  |TAMS 0x0000000081100000, 0x0000000081000000| Untracked 
|  17|0x0000000081100000, 0x0000000081200000, 0x0000000081200000|100%| O|  |TAMS 0x0000000081200000, 0x0000000081100000| Untracked 
|  18|0x0000000081200000, 0x0000000081300000, 0x0000000081300000|100%| O|  |TAMS 0x0000000081300000, 0x0000000081200000| Untracked 
|  19|0x0000000081300000, 0x0000000081400000, 0x0000000081400000|100%| O|  |TAMS 0x0000000081400000, 0x0000000081300000| Untracked 
|  20|0x0000000081400000, 0x0000000081500000, 0x0000000081500000|100%| O|  |TAMS 0x0000000081500000, 0x0000000081400000| Untracked 
|  21|0x0000000081500000, 0x0000000081600000, 0x0000000081600000|100%| O|  |TAMS 0x0000000081600000, 0x0000000081500000| Untracked 
|  22|0x0000000081600000, 0x0000000081700000, 0x0000000081700000|100%| O|  |TAMS 0x0000000081700000, 0x0000000081600000| Untracked 
|  23|0x0000000081700000, 0x0000000081800000, 0x0000000081800000|100%| O|  |TAMS 0x0000000081800000, 0x0000000081700000| Untracked 
|  24|0x0000000081800000, 0x0000000081900000, 0x0000000081900000|100%| O|  |TAMS 0x0000000081900000, 0x0000000081800000| Untracked 
|  25|0x0000000081900000, 0x0000000081a00000, 0x0000000081a00000|100%| O|  |TAMS 0x0000000081a00000, 0x0000000081900000| Untracked 
|  26|0x0000000081a00000, 0x0000000081b00000, 0x0000000081b00000|100%| O|  |TAMS 0x0000000081b00000, 0x0000000081a00000| Untracked 
|  27|0x0000000081b00000, 0x0000000081c00000, 0x0000000081c00000|100%| O|  |TAMS 0x0000000081c00000, 0x0000000081b00000| Untracked 
|  28|0x0000000081c00000, 0x0000000081d00000, 0x0000000081d00000|100%| O|  |TAMS 0x0000000081d00000, 0x0000000081c00000| Untracked 
|  29|0x0000000081d00000, 0x0000000081e00000, 0x0000000081e00000|100%| O|  |TAMS 0x0000000081e00000, 0x0000000081d00000| Untracked 
|  30|0x0000000081e00000, 0x0000000081f00000, 0x0000000081f00000|100%| O|  |TAMS 0x0000000081f00000, 0x0000000081e00000| Untracked 
|  31|0x0000000081f00000, 0x0000000082000000, 0x0000000082000000|100%| O|  |TAMS 0x0000000082000000, 0x0000000081f00000| Untracked 
|  32|0x0000000082000000, 0x0000000082100000, 0x0000000082100000|100%| O|  |TAMS 0x0000000082100000, 0x0000000082000000| Untracked 
|  33|0x0000000082100000, 0x0000000082200000, 0x0000000082200000|100%| O|  |TAMS 0x0000000082200000, 0x0000000082100000| Untracked 
|  34|0x0000000082200000, 0x0000000082300000, 0x0000000082300000|100%| O|  |TAMS 0x0000000082300000, 0x0000000082200000| Untracked 
|  35|0x0000000082300000, 0x0000000082400000, 0x0000000082400000|100%|HS|  |TAMS 0x0000000082400000, 0x0000000082300000| Complete 
|  36|0x0000000082400000, 0x0000000082500000, 0x0000000082500000|100%|HC|  |TAMS 0x0000000082500000, 0x0000000082400000| Complete 
|  37|0x0000000082500000, 0x0000000082600000, 0x0000000082600000|100%| O|  |TAMS 0x0000000082600000, 0x0000000082500000| Untracked 
|  38|0x0000000082600000, 0x0000000082700000, 0x0000000082700000|100%| O|  |TAMS 0x0000000082700000, 0x0000000082600000| Untracked 
|  39|0x0000000082700000, 0x0000000082800000, 0x0000000082800000|100%|HS|  |TAMS 0x0000000082800000, 0x0000000082700000| Complete 
|  40|0x0000000082800000, 0x0000000082900000, 0x0000000082900000|100%|HC|  |TAMS 0x0000000082900000, 0x0000000082800000| Complete 
|  41|0x0000000082900000, 0x0000000082a00000, 0x0000000082a00000|100%| O|  |TAMS 0x0000000082a00000, 0x0000000082900000| Untracked 
|  42|0x0000000082a00000, 0x0000000082b00000, 0x0000000082b00000|100%| O|  |TAMS 0x0000000082b00000, 0x0000000082a00000| Untracked 
|  43|0x0000000082b00000, 0x0000000082c00000, 0x0000000082c00000|100%|HS|  |TAMS 0x0000000082c00000, 0x0000000082b00000| Complete 
|  44|0x0000000082c00000, 0x0000000082d00000, 0x0000000082d00000|100%|HC|  |TAMS 0x0000000082d00000, 0x0000000082c00000| Complete 
|  45|0x0000000082d00000, 0x0000000082e00000, 0x0000000082e00000|100%|HC|  |TAMS 0x0000000082e00000, 0x0000000082d00000| Complete 
|  46|0x0000000082e00000, 0x0000000082f00000, 0x0000000082f00000|100%|HC|  |TAMS 0x0000000082f00000, 0x0000000082e00000| Complete 
|  47|0x0000000082f00000, 0x0000000083000000, 0x0000000083000000|100%| O|  |TAMS 0x0000000083000000, 0x0000000082f00000| Untracked 
|  48|0x0000000083000000, 0x0000000083100000, 0x0000000083100000|100%| O|  |TAMS 0x0000000083100000, 0x0000000083000000| Untracked 
|  49|0x0000000083100000, 0x0000000083200000, 0x0000000083200000|100%| O|  |TAMS 0x0000000083200000, 0x0000000083100000| Untracked 
|  50|0x0000000083200000, 0x0000000083300000, 0x0000000083300000|100%| O|  |TAMS 0x0000000083300000, 0x0000000083200000| Untracked 
|  51|0x0000000083300000, 0x0000000083400000, 0x0000000083400000|100%|HS|  |TAMS 0x0000000083400000, 0x0000000083300000| Complete 
|  52|0x0000000083400000, 0x0000000083500000, 0x0000000083500000|100%|HC|  |TAMS 0x0000000083500000, 0x0000000083400000| Complete 
|  53|0x0000000083500000, 0x0000000083600000, 0x0000000083600000|100%|HC|  |TAMS 0x0000000083600000, 0x0000000083500000| Complete 
|  54|0x0000000083600000, 0x0000000083700000, 0x0000000083700000|100%|HC|  |TAMS 0x0000000083700000, 0x0000000083600000| Complete 
|  55|0x0000000083700000, 0x0000000083800000, 0x0000000083800000|100%| O|  |TAMS 0x0000000083800000, 0x0000000083700000| Untracked 
|  56|0x0000000083800000, 0x0000000083900000, 0x0000000083900000|100%| O|  |TAMS 0x0000000083900000, 0x0000000083800000| Untracked 
|  57|0x0000000083900000, 0x0000000083a00000, 0x0000000083a00000|100%| O|  |TAMS 0x0000000083a00000, 0x0000000083900000| Untracked 
|  58|0x0000000083a00000, 0x0000000083b00000, 0x0000000083b00000|100%| O|  |TAMS 0x0000000083b00000, 0x0000000083a00000| Untracked 
|  59|0x0000000083b00000, 0x0000000083c00000, 0x0000000083c00000|100%| O|  |TAMS 0x0000000083c00000, 0x0000000083b00000| Untracked 
|  60|0x0000000083c00000, 0x0000000083d00000, 0x0000000083d00000|100%| O|  |TAMS 0x0000000083d00000, 0x0000000083c00000| Untracked 
|  61|0x0000000083d00000, 0x0000000083e00000, 0x0000000083e00000|100%| O|  |TAMS 0x0000000083e00000, 0x0000000083d00000| Untracked 
|  62|0x0000000083e00000, 0x0000000083f00000, 0x0000000083f00000|100%| O|  |TAMS 0x0000000083f00000, 0x0000000083e00000| Untracked 
|  63|0x0000000083f00000, 0x0000000084000000, 0x0000000084000000|100%| O|  |TAMS 0x0000000084000000, 0x0000000083f00000| Untracked 
|  64|0x0000000084000000, 0x0000000084100000, 0x0000000084100000|100%| O|  |TAMS 0x0000000084100000, 0x0000000084000000| Untracked 
|  65|0x0000000084100000, 0x0000000084200000, 0x0000000084200000|100%|HS|  |TAMS 0x0000000084200000, 0x0000000084100000| Complete 
|  66|0x0000000084200000, 0x0000000084300000, 0x0000000084300000|100%|HS|  |TAMS 0x0000000084300000, 0x0000000084200000| Complete 
|  67|0x0000000084300000, 0x0000000084400000, 0x0000000084400000|100%|HS|  |TAMS 0x0000000084400000, 0x0000000084300000| Complete 
|  68|0x0000000084400000, 0x0000000084500000, 0x0000000084500000|100%| O|  |TAMS 0x0000000084500000, 0x0000000084400000| Untracked 
|  69|0x0000000084500000, 0x0000000084600000, 0x0000000084600000|100%|HS|  |TAMS 0x0000000084600000, 0x0000000084500000| Complete 
|  70|0x0000000084600000, 0x0000000084700000, 0x0000000084700000|100%| O|  |TAMS 0x0000000084700000, 0x0000000084600000| Untracked 
|  71|0x0000000084700000, 0x0000000084800000, 0x0000000084800000|100%|HS|  |TAMS 0x0000000084700000, 0x0000000084700000| Complete 
|  72|0x0000000084800000, 0x0000000084900000, 0x0000000084900000|100%| O|  |TAMS 0x0000000084900000, 0x0000000084800000| Untracked 
|  73|0x0000000084900000, 0x0000000084a00000, 0x0000000084a00000|100%| O|  |TAMS 0x0000000084a00000, 0x0000000084900000| Untracked 
|  74|0x0000000084a00000, 0x0000000084b00000, 0x0000000084b00000|100%| O|  |TAMS 0x0000000084b00000, 0x0000000084a00000| Untracked 
|  75|0x0000000084b00000, 0x0000000084c00000, 0x0000000084c00000|100%| O|  |TAMS 0x0000000084c00000, 0x0000000084b00000| Untracked 
|  76|0x0000000084c00000, 0x0000000084d00000, 0x0000000084d00000|100%| O|  |TAMS 0x0000000084d00000, 0x0000000084c00000| Untracked 
|  77|0x0000000084d00000, 0x0000000084e00000, 0x0000000084e00000|100%| O|  |TAMS 0x0000000084e00000, 0x0000000084d00000| Untracked 
|  78|0x0000000084e00000, 0x0000000084f00000, 0x0000000084f00000|100%| O|  |TAMS 0x0000000084f00000, 0x0000000084e00000| Untracked 
|  79|0x0000000084f00000, 0x0000000085000000, 0x0000000085000000|100%| O|  |TAMS 0x0000000085000000, 0x0000000084f00000| Untracked 
|  80|0x0000000085000000, 0x0000000085100000, 0x0000000085100000|100%| O|  |TAMS 0x0000000085100000, 0x0000000085000000| Untracked 
|  81|0x0000000085100000, 0x0000000085200000, 0x0000000085200000|100%| O|  |TAMS 0x0000000085200000, 0x0000000085100000| Untracked 
|  82|0x0000000085200000, 0x0000000085300000, 0x0000000085300000|100%| O|  |TAMS 0x0000000085300000, 0x0000000085200000| Untracked 
|  83|0x0000000085300000, 0x0000000085400000, 0x0000000085400000|100%| O|  |TAMS 0x0000000085400000, 0x0000000085300000| Untracked 
|  84|0x0000000085400000, 0x0000000085500000, 0x0000000085500000|100%| O|  |TAMS 0x0000000085500000, 0x0000000085400000| Untracked 
|  85|0x0000000085500000, 0x0000000085600000, 0x0000000085600000|100%| O|  |TAMS 0x0000000085600000, 0x0000000085500000| Untracked 
|  86|0x0000000085600000, 0x0000000085700000, 0x0000000085700000|100%| O|  |TAMS 0x0000000085700000, 0x0000000085600000| Untracked 
|  87|0x0000000085700000, 0x0000000085800000, 0x0000000085800000|100%| O|  |TAMS 0x0000000085800000, 0x0000000085700000| Untracked 
|  88|0x0000000085800000, 0x0000000085900000, 0x0000000085900000|100%| O|  |TAMS 0x0000000085900000, 0x0000000085800000| Untracked 
|  89|0x0000000085900000, 0x0000000085a00000, 0x0000000085a00000|100%| O|  |TAMS 0x0000000085a00000, 0x0000000085900000| Untracked 
|  90|0x0000000085a00000, 0x0000000085b00000, 0x0000000085b00000|100%| O|  |TAMS 0x0000000085b00000, 0x0000000085a00000| Untracked 
|  91|0x0000000085b00000, 0x0000000085c00000, 0x0000000085c00000|100%| O|  |TAMS 0x0000000085c00000, 0x0000000085b00000| Untracked 
|  92|0x0000000085c00000, 0x0000000085d00000, 0x0000000085d00000|100%| O|  |TAMS 0x0000000085d00000, 0x0000000085c00000| Untracked 
|  93|0x0000000085d00000, 0x0000000085e00000, 0x0000000085e00000|100%| O|  |TAMS 0x0000000085e00000, 0x0000000085d00000| Untracked 
|  94|0x0000000085e00000, 0x0000000085f00000, 0x0000000085f00000|100%| O|  |TAMS 0x0000000085f00000, 0x0000000085e00000| Untracked 
|  95|0x0000000085f00000, 0x0000000086000000, 0x0000000086000000|100%| O|  |TAMS 0x0000000086000000, 0x0000000085f00000| Untracked 
|  96|0x0000000086000000, 0x0000000086100000, 0x0000000086100000|100%| O|  |TAMS 0x0000000086100000, 0x0000000086000000| Untracked 
|  97|0x0000000086100000, 0x0000000086200000, 0x0000000086200000|100%|HS|  |TAMS 0x0000000086200000, 0x0000000086100000| Complete 
|  98|0x0000000086200000, 0x0000000086300000, 0x0000000086300000|100%|HS|  |TAMS 0x0000000086300000, 0x0000000086200000| Complete 
|  99|0x0000000086300000, 0x0000000086400000, 0x0000000086400000|100%| O|  |TAMS 0x0000000086300000, 0x0000000086300000| Untracked 
| 100|0x0000000086400000, 0x0000000086500000, 0x0000000086500000|100%|HS|  |TAMS 0x0000000086500000, 0x0000000086400000| Complete 
| 101|0x0000000086500000, 0x0000000086600000, 0x0000000086600000|100%|HC|  |TAMS 0x0000000086600000, 0x0000000086500000| Complete 
| 102|0x0000000086600000, 0x0000000086700000, 0x0000000086700000|100%| O|  |TAMS 0x0000000086700000, 0x0000000086600000| Untracked 
| 103|0x0000000086700000, 0x0000000086800000, 0x0000000086800000|100%| O|  |TAMS 0x0000000086800000, 0x0000000086700000| Untracked 
| 104|0x0000000086800000, 0x0000000086900000, 0x0000000086900000|100%| O|  |TAMS 0x0000000086900000, 0x0000000086800000| Untracked 
| 105|0x0000000086900000, 0x0000000086a00000, 0x0000000086a00000|100%| O|  |TAMS 0x0000000086a00000, 0x0000000086900000| Untracked 
| 106|0x0000000086a00000, 0x0000000086b00000, 0x0000000086b00000|100%| O|  |TAMS 0x0000000086b00000, 0x0000000086a00000| Untracked 
| 107|0x0000000086b00000, 0x0000000086c00000, 0x0000000086c00000|100%| O|  |TAMS 0x0000000086b00000, 0x0000000086b00000| Untracked 
| 108|0x0000000086c00000, 0x0000000086d00000, 0x0000000086d00000|100%| O|  |TAMS 0x0000000086c00000, 0x0000000086c00000| Untracked 
| 109|0x0000000086d00000, 0x0000000086e00000, 0x0000000086e00000|100%| O|  |TAMS 0x0000000086d00000, 0x0000000086d00000| Untracked 
| 110|0x0000000086e00000, 0x0000000086f00000, 0x0000000086f00000|100%| O|  |TAMS 0x0000000086e00000, 0x0000000086e00000| Untracked 
| 111|0x0000000086f00000, 0x0000000087000000, 0x0000000087000000|100%| O|  |TAMS 0x0000000086f00000, 0x0000000086f00000| Untracked 
| 112|0x0000000087000000, 0x0000000087100000, 0x0000000087100000|100%| O|  |TAMS 0x0000000087000000, 0x0000000087000000| Untracked 
| 113|0x0000000087100000, 0x0000000087200000, 0x0000000087200000|100%| O|  |TAMS 0x0000000087100000, 0x0000000087100000| Untracked 
| 114|0x0000000087200000, 0x0000000087300000, 0x0000000087300000|100%| O|  |TAMS 0x0000000087200000, 0x0000000087200000| Untracked 
| 115|0x0000000087300000, 0x0000000087400000, 0x0000000087400000|100%| O|  |TAMS 0x0000000087300000, 0x0000000087300000| Untracked 
| 116|0x0000000087400000, 0x0000000087500000, 0x0000000087500000|100%| O|  |TAMS 0x0000000087400000, 0x0000000087400000| Untracked 
| 117|0x0000000087500000, 0x0000000087600000, 0x0000000087600000|100%|HS|  |TAMS 0x0000000087500000, 0x0000000087500000| Complete 
| 118|0x0000000087600000, 0x0000000087700000, 0x0000000087700000|100%|HS|  |TAMS 0x0000000087600000, 0x0000000087600000| Complete 
| 119|0x0000000087700000, 0x0000000087800000, 0x0000000087800000|100%| O|  |TAMS 0x0000000087700000, 0x0000000087700000| Untracked 
| 120|0x0000000087800000, 0x0000000087900000, 0x0000000087900000|100%| O|  |TAMS 0x0000000087800000, 0x0000000087800000| Untracked 
| 121|0x0000000087900000, 0x0000000087a00000, 0x0000000087a00000|100%| O|  |TAMS 0x0000000087900000, 0x0000000087900000| Untracked 
| 122|0x0000000087a00000, 0x0000000087b00000, 0x0000000087b00000|100%| O|  |TAMS 0x0000000087a00000, 0x0000000087a00000| Untracked 
| 123|0x0000000087b00000, 0x0000000087c00000, 0x0000000087c00000|100%| O|  |TAMS 0x0000000087b00000, 0x0000000087b00000| Untracked 
| 124|0x0000000087c00000, 0x0000000087d00000, 0x0000000087d00000|100%| O|  |TAMS 0x0000000087c00000, 0x0000000087c00000| Untracked 
| 125|0x0000000087d00000, 0x0000000087e00000, 0x0000000087e00000|100%| O|  |TAMS 0x0000000087d00000, 0x0000000087d00000| Untracked 
| 126|0x0000000087e00000, 0x0000000087f00000, 0x0000000087f00000|100%| O|  |TAMS 0x0000000087e00000, 0x0000000087e00000| Untracked 
| 127|0x0000000087f00000, 0x0000000088000000, 0x0000000088000000|100%| O|  |TAMS 0x0000000087f00000, 0x0000000087f00000| Untracked 
| 128|0x0000000088000000, 0x0000000088100000, 0x0000000088100000|100%| O|  |TAMS 0x0000000088000000, 0x0000000088000000| Untracked 
| 129|0x0000000088100000, 0x0000000088200000, 0x0000000088200000|100%| O|  |TAMS 0x0000000088100000, 0x0000000088100000| Untracked 
| 130|0x0000000088200000, 0x0000000088300000, 0x0000000088300000|100%| O|  |TAMS 0x0000000088200000, 0x0000000088200000| Untracked 
| 131|0x0000000088300000, 0x0000000088400000, 0x0000000088400000|100%| O|  |TAMS 0x0000000088300000, 0x0000000088300000| Untracked 
| 132|0x0000000088400000, 0x0000000088500000, 0x0000000088500000|100%| O|  |TAMS 0x0000000088400000, 0x0000000088400000| Untracked 
| 133|0x0000000088500000, 0x0000000088600000, 0x0000000088600000|100%| O|  |TAMS 0x0000000088500000, 0x0000000088500000| Untracked 
| 134|0x0000000088600000, 0x0000000088700000, 0x0000000088700000|100%| O|  |TAMS 0x0000000088600000, 0x0000000088600000| Untracked 
| 135|0x0000000088700000, 0x0000000088800000, 0x0000000088800000|100%| O|  |TAMS 0x0000000088700000, 0x0000000088700000| Untracked 
| 136|0x0000000088800000, 0x0000000088900000, 0x0000000088900000|100%| O|  |TAMS 0x0000000088800000, 0x0000000088800000| Untracked 
| 137|0x0000000088900000, 0x0000000088a00000, 0x0000000088a00000|100%| O|  |TAMS 0x0000000088900000, 0x0000000088900000| Untracked 
| 138|0x0000000088a00000, 0x0000000088b00000, 0x0000000088b00000|100%| O|  |TAMS 0x0000000088a00000, 0x0000000088a00000| Untracked 
| 139|0x0000000088b00000, 0x0000000088c00000, 0x0000000088c00000|100%| O|  |TAMS 0x0000000088b00000, 0x0000000088b00000| Untracked 
| 140|0x0000000088c00000, 0x0000000088d00000, 0x0000000088d00000|100%| O|  |TAMS 0x0000000088c00000, 0x0000000088c00000| Untracked 
| 141|0x0000000088d00000, 0x0000000088e00000, 0x0000000088e00000|100%| O|  |TAMS 0x0000000088d00000, 0x0000000088d00000| Untracked 
| 142|0x0000000088e00000, 0x0000000088f00000, 0x0000000088f00000|100%| O|  |TAMS 0x0000000088e00000, 0x0000000088e00000| Untracked 
| 143|0x0000000088f00000, 0x0000000089000000, 0x0000000089000000|100%| O|  |TAMS 0x0000000088f00000, 0x0000000088f00000| Untracked 
| 144|0x0000000089000000, 0x0000000089100000, 0x0000000089100000|100%| O|  |TAMS 0x0000000089000000, 0x0000000089000000| Untracked 
| 145|0x0000000089100000, 0x0000000089200000, 0x0000000089200000|100%| O|  |TAMS 0x0000000089100000, 0x0000000089100000| Untracked 
| 146|0x0000000089200000, 0x0000000089300000, 0x0000000089300000|100%| O|  |TAMS 0x0000000089200000, 0x0000000089200000| Untracked 
| 147|0x0000000089300000, 0x0000000089400000, 0x0000000089400000|100%| O|  |TAMS 0x0000000089300000, 0x0000000089300000| Untracked 
| 148|0x0000000089400000, 0x0000000089500000, 0x0000000089500000|100%| O|  |TAMS 0x0000000089400000, 0x0000000089400000| Untracked 
| 149|0x0000000089500000, 0x0000000089564600, 0x0000000089600000| 39%| O|  |TAMS 0x0000000089500000, 0x0000000089500000| Untracked 
| 150|0x0000000089600000, 0x0000000089600000, 0x0000000089700000|  0%| F|  |TAMS 0x0000000089600000, 0x0000000089600000| Untracked 
| 151|0x0000000089700000, 0x0000000089700000, 0x0000000089800000|  0%| F|  |TAMS 0x0000000089700000, 0x0000000089700000| Untracked 
| 152|0x0000000089800000, 0x0000000089800000, 0x0000000089900000|  0%| F|  |TAMS 0x0000000089800000, 0x0000000089800000| Untracked 
| 153|0x0000000089900000, 0x0000000089900000, 0x0000000089a00000|  0%| F|  |TAMS 0x0000000089900000, 0x0000000089900000| Untracked 
| 154|0x0000000089a00000, 0x0000000089a00000, 0x0000000089b00000|  0%| F|  |TAMS 0x0000000089a00000, 0x0000000089a00000| Untracked 
| 155|0x0000000089b00000, 0x0000000089b00000, 0x0000000089c00000|  0%| F|  |TAMS 0x0000000089b00000, 0x0000000089b00000| Untracked 
| 156|0x0000000089c00000, 0x0000000089c00000, 0x0000000089d00000|  0%| F|  |TAMS 0x0000000089c00000, 0x0000000089c00000| Untracked 
| 157|0x0000000089d00000, 0x0000000089d00000, 0x0000000089e00000|  0%| F|  |TAMS 0x0000000089d00000, 0x0000000089d00000| Untracked 
| 158|0x0000000089e00000, 0x0000000089e00000, 0x0000000089f00000|  0%| F|  |TAMS 0x0000000089e00000, 0x0000000089e00000| Untracked 
| 159|0x0000000089f00000, 0x0000000089f00000, 0x000000008a000000|  0%| F|  |TAMS 0x0000000089f00000, 0x0000000089f00000| Untracked 
| 160|0x000000008a000000, 0x000000008a000000, 0x000000008a100000|  0%| F|  |TAMS 0x000000008a000000, 0x000000008a000000| Untracked 
| 161|0x000000008a100000, 0x000000008a100000, 0x000000008a200000|  0%| F|  |TAMS 0x000000008a100000, 0x000000008a100000| Untracked 
| 162|0x000000008a200000, 0x000000008a200000, 0x000000008a300000|  0%| F|  |TAMS 0x000000008a200000, 0x000000008a200000| Untracked 
| 163|0x000000008a300000, 0x000000008a300000, 0x000000008a400000|  0%| F|  |TAMS 0x000000008a300000, 0x000000008a300000| Untracked 
| 164|0x000000008a400000, 0x000000008a400000, 0x000000008a500000|  0%| F|  |TAMS 0x000000008a400000, 0x000000008a400000| Untracked 
| 165|0x000000008a500000, 0x000000008a500000, 0x000000008a600000|  0%| F|  |TAMS 0x000000008a500000, 0x000000008a500000| Untracked 
| 166|0x000000008a600000, 0x000000008a600000, 0x000000008a700000|  0%| F|  |TAMS 0x000000008a600000, 0x000000008a600000| Untracked 
| 167|0x000000008a700000, 0x000000008a700000, 0x000000008a800000|  0%| F|  |TAMS 0x000000008a700000, 0x000000008a700000| Untracked 
| 168|0x000000008a800000, 0x000000008a800000, 0x000000008a900000|  0%| F|  |TAMS 0x000000008a800000, 0x000000008a800000| Untracked 
| 169|0x000000008a900000, 0x000000008a900000, 0x000000008aa00000|  0%| F|  |TAMS 0x000000008a900000, 0x000000008a900000| Untracked 
| 170|0x000000008aa00000, 0x000000008aa00000, 0x000000008ab00000|  0%| F|  |TAMS 0x000000008aa00000, 0x000000008aa00000| Untracked 
| 171|0x000000008ab00000, 0x000000008ac00000, 0x000000008ac00000|100%| S|CS|TAMS 0x000000008ab00000, 0x000000008ab00000| Complete 
| 172|0x000000008ac00000, 0x000000008ac00000, 0x000000008ad00000|  0%| F|  |TAMS 0x000000008ac00000, 0x000000008ac00000| Untracked 
| 173|0x000000008ad00000, 0x000000008ae00000, 0x000000008ae00000|100%| S|CS|TAMS 0x000000008ad00000, 0x000000008ad00000| Complete 
| 174|0x000000008ae00000, 0x000000008af00000, 0x000000008af00000|100%| S|CS|TAMS 0x000000008ae00000, 0x000000008ae00000| Complete 
| 175|0x000000008af00000, 0x000000008af00000, 0x000000008b000000|  0%| F|  |TAMS 0x000000008af00000, 0x000000008af00000| Untracked 
| 176|0x000000008b000000, 0x000000008b000000, 0x000000008b100000|  0%| F|  |TAMS 0x000000008b000000, 0x000000008b000000| Untracked 
| 177|0x000000008b100000, 0x000000008b100000, 0x000000008b200000|  0%| F|  |TAMS 0x000000008b100000, 0x000000008b100000| Untracked 
| 178|0x000000008b200000, 0x000000008b200000, 0x000000008b300000|  0%| F|  |TAMS 0x000000008b200000, 0x000000008b200000| Untracked 
| 179|0x000000008b300000, 0x000000008b300000, 0x000000008b400000|  0%| F|  |TAMS 0x000000008b300000, 0x000000008b300000| Untracked 
| 180|0x000000008b400000, 0x000000008b40c808, 0x000000008b500000|  4%| E|  |TAMS 0x000000008b400000, 0x000000008b400000| Complete 
| 181|0x000000008b500000, 0x000000008b600000, 0x000000008b600000|100%| E|CS|TAMS 0x000000008b500000, 0x000000008b500000| Complete 
| 182|0x000000008b600000, 0x000000008b700000, 0x000000008b700000|100%| E|CS|TAMS 0x000000008b600000, 0x000000008b600000| Complete 
| 183|0x000000008b700000, 0x000000008b800000, 0x000000008b800000|100%| E|CS|TAMS 0x000000008b700000, 0x000000008b700000| Complete 
| 184|0x000000008b800000, 0x000000008b900000, 0x000000008b900000|100%| E|CS|TAMS 0x000000008b800000, 0x000000008b800000| Complete 
| 185|0x000000008b900000, 0x000000008ba00000, 0x000000008ba00000|100%| E|CS|TAMS 0x000000008b900000, 0x000000008b900000| Complete 
| 186|0x000000008ba00000, 0x000000008bb00000, 0x000000008bb00000|100%| E|CS|TAMS 0x000000008ba00000, 0x000000008ba00000| Complete 
| 187|0x000000008bb00000, 0x000000008bc00000, 0x000000008bc00000|100%| E|CS|TAMS 0x000000008bb00000, 0x000000008bb00000| Complete 
| 188|0x000000008bc00000, 0x000000008bd00000, 0x000000008bd00000|100%| E|CS|TAMS 0x000000008bc00000, 0x000000008bc00000| Complete 
| 189|0x000000008bd00000, 0x000000008be00000, 0x000000008be00000|100%| E|CS|TAMS 0x000000008bd00000, 0x000000008bd00000| Complete 
| 222|0x000000008de00000, 0x000000008df00000, 0x000000008df00000|100%| E|CS|TAMS 0x000000008de00000, 0x000000008de00000| Complete 
| 223|0x000000008df00000, 0x000000008e000000, 0x000000008e000000|100%| E|CS|TAMS 0x000000008df00000, 0x000000008df00000| Complete 

Card table byte_map: [0x0000020724b10000,0x0000020724f10000] _byte_map_base: 0x0000020724710000

Marking Bits (Prev, Next): (CMBitMap*) 0x000002070dc6fdf0, (CMBitMap*) 0x000002070dc6fdb0
 Prev Bits: [0x0000020727310000, 0x0000020729310000)
 Next Bits: [0x0000020725310000, 0x0000020727310000)

Polling page: 0x000002070bae0000

Metaspace:

Usage:
  Non-class:     85.25 MB used.
      Class:     13.67 MB used.
       Both:     98.92 MB used.

Virtual space:
  Non-class space:      128.00 MB reserved,      85.75 MB ( 67%) committed,  2 nodes.
      Class space:      416.00 MB reserved,      14.12 MB (  3%) committed,  1 nodes.
             Both:      544.00 MB reserved,      99.88 MB ( 18%) committed. 

Chunk freelists:
   Non-Class:  9.53 MB
       Class:  1.85 MB
        Both:  11.39 MB

MaxMetaspaceSize: 512.00 MB
CompressedClassSpaceSize: 416.00 MB
Initial GC threshold: 21.00 MB
Current GC threshold: 146.19 MB
CDS: on
MetaspaceReclaimPolicy: balanced
 - commit_granule_bytes: 65536.
 - commit_granule_words: 8192.
 - virtual_space_node_default_size: 8388608.
 - enlarge_chunks_in_place: 1.
 - new_chunks_are_fully_committed: 0.
 - uncommit_free_chunks: 1.
 - use_allocation_guard: 0.
 - handle_deallocations: 1.


Internal statistics:

num_allocs_failed_limit: 9.
num_arena_births: 1192.
num_arena_deaths: 0.
num_vsnodes_births: 3.
num_vsnodes_deaths: 0.
num_space_committed: 1597.
num_space_uncommitted: 0.
num_chunks_returned_to_freelist: 9.
num_chunks_taken_from_freelist: 5595.
num_chunk_merges: 9.
num_chunk_splits: 3656.
num_chunks_enlarged: 2361.
num_inconsistent_stats: 0.

CodeHeap 'non-profiled nmethods': size=120000Kb used=8682Kb max_used=8682Kb free=111317Kb
 bounds [0x000002071d1e0000, 0x000002071da60000, 0x0000020724710000]
CodeHeap 'profiled nmethods': size=120000Kb used=24258Kb max_used=24852Kb free=95741Kb
 bounds [0x0000020715710000, 0x0000020716f60000, 0x000002071cc40000]
CodeHeap 'non-nmethods': size=5760Kb used=2395Kb max_used=2450Kb free=3364Kb
 bounds [0x000002071cc40000, 0x000002071cec0000, 0x000002071d1e0000]
 total_blobs=13431 nmethods=12501 adapters=842
 compilation: enabled
              stopped_count=0, restarted_count=0
 full_count=0

Compilation events (20 events):
Event: 217.818 Thread 0x000002072b8126d0 nmethod 14780 0x000002071da4c410 code [0x000002071da4c5c0, 0x000002071da4cbd8]
Event: 217.818 Thread 0x000002072b8126d0 14781   !   4       java.nio.file.FileTreeWalker::next (144 bytes)
Event: 217.895 Thread 0x000002072b8330a0 14782       3       com.google.common.cache.LocalCache$Segment::cleanUp (21 bytes)
Event: 217.895 Thread 0x000002072b8330a0 nmethod 14782 0x0000020716444690 code [0x0000020716444880, 0x0000020716444d68]
Event: 218.019 Thread 0x000002072b8126d0 nmethod 14781 0x000002071da4cd90 code [0x000002071da4d300, 0x000002071da53fb0]
Event: 218.020 Thread 0x000002072b8126d0 14783       4       java.util.concurrent.TimeUnit::convert (77 bytes)
Event: 218.022 Thread 0x000002072b8126d0 nmethod 14783 0x000002071da57890 code [0x000002071da57a20, 0x000002071da57c78]
Event: 218.024 Thread 0x000002072b8126d0 14784       4       org.gradle.cache.internal.btree.KeyHasher$MessageDigestStream::write (11 bytes)
Event: 218.025 Thread 0x000002072b8126d0 nmethod 14784 0x000002071da57e90 code [0x000002071da58020, 0x000002071da58138]
Event: 218.088 Thread 0x000002072b8126d0 14785   !   4       org.gradle.internal.concurrent.ExecutorPolicy$CatchAndRecordFailures::onExecute (29 bytes)
Event: 218.090 Thread 0x000002072b8126d0 nmethod 14785 0x000002071da58290 code [0x000002071da58420, 0x000002071da58598]
Event: 218.139 Thread 0x000002072b8126d0 14786       4       java.util.concurrent.locks.AbstractQueuedSynchronizer$ConditionObject::doSignal (54 bytes)
Event: 218.146 Thread 0x000002072b8126d0 nmethod 14786 0x000002071da58710 code [0x000002071da588a0, 0x000002071da58ea8]
Event: 218.164 Thread 0x000002072b8126d0 14787       4       sun.nio.fs.WindowsPath::getFileName (87 bytes)
Event: 218.178 Thread 0x000002072b8126d0 nmethod 14787 0x000002071da59090 code [0x000002071da59260, 0x000002071da59ef8]
Event: 218.240 Thread 0x000002072b8126d0 14788       4       org.gradle.internal.io.StreamByteBuffer$StreamByteBufferInputStream::read (8 bytes)
Event: 218.240 Thread 0x000002072b8126d0 nmethod 14788 0x000002071da5a410 code [0x000002071da5a5a0, 0x000002071da5a648]
Event: 218.297 Thread 0x000002072b8126d0 14789       4       org.gradle.cache.internal.DefaultFileLockManager$DefaultFileLock::assertOpenAndIntegral (41 bytes)
Event: 218.298 Thread 0x000002072b8126d0 nmethod 14789 0x000002071da5a710 code [0x000002071da5a8a0, 0x000002071da5a9b8]
Event: 218.470 Thread 0x000002072b8126d0 14790   !   4       org.gradle.cache.internal.DefaultMultiProcessSafeIndexedCache::getIfPresent (25 bytes)

GC Heap History (20 events):
Event: 199.914 GC heap before
{Heap before GC invocations=64 (full 0):
 garbage-first heap   total 196608K, used 160862K [0x0000000080000000, 0x0000000100000000)
  region size 1024K, 28 young (28672K), 2 survivors (2048K)
 Metaspace       used 95839K, committed 96768K, reserved 557056K
  class space    used 13402K, committed 13824K, reserved 425984K
}
Event: 199.919 GC heap after
{Heap after GC invocations=65 (full 0):
 garbage-first heap   total 196608K, used 136443K [0x0000000080000000, 0x0000000100000000)
  region size 1024K, 3 young (3072K), 3 survivors (3072K)
 Metaspace       used 95839K, committed 96768K, reserved 557056K
  class space    used 13402K, committed 13824K, reserved 425984K
}
Event: 204.370 GC heap before
{Heap before GC invocations=65 (full 0):
 garbage-first heap   total 196608K, used 164091K [0x0000000080000000, 0x0000000100000000)
  region size 1024K, 30 young (30720K), 3 survivors (3072K)
 Metaspace       used 96901K, committed 97856K, reserved 557056K
  class space    used 13551K, committed 14016K, reserved 425984K
}
Event: 204.380 GC heap after
{Heap after GC invocations=66 (full 0):
 garbage-first heap   total 196608K, used 139407K [0x0000000080000000, 0x0000000100000000)
  region size 1024K, 4 young (4096K), 4 survivors (4096K)
 Metaspace       used 96901K, committed 97856K, reserved 557056K
  class space    used 13551K, committed 14016K, reserved 425984K
}
Event: 205.056 GC heap before
{Heap before GC invocations=66 (full 0):
 garbage-first heap   total 196608K, used 165007K [0x0000000080000000, 0x0000000100000000)
  region size 1024K, 29 young (29696K), 4 survivors (4096K)
 Metaspace       used 97758K, committed 98688K, reserved 557056K
  class space    used 13651K, committed 14080K, reserved 425984K
}
Event: 205.070 GC heap after
{Heap after GC invocations=67 (full 0):
 garbage-first heap   total 196608K, used 142316K [0x0000000080000000, 0x0000000100000000)
  region size 1024K, 4 young (4096K), 4 survivors (4096K)
 Metaspace       used 97758K, committed 98688K, reserved 557056K
  class space    used 13651K, committed 14080K, reserved 425984K
}
Event: 206.129 GC heap before
{Heap before GC invocations=67 (full 0):
 garbage-first heap   total 196608K, used 165868K [0x0000000080000000, 0x0000000100000000)
  region size 1024K, 27 young (27648K), 4 survivors (4096K)
 Metaspace       used 97881K, committed 98816K, reserved 557056K
  class space    used 13653K, committed 14080K, reserved 425984K
}
Event: 206.138 GC heap after
{Heap after GC invocations=68 (full 0):
 garbage-first heap   total 196608K, used 144537K [0x0000000080000000, 0x0000000100000000)
  region size 1024K, 3 young (3072K), 3 survivors (3072K)
 Metaspace       used 97881K, committed 98816K, reserved 557056K
  class space    used 13653K, committed 14080K, reserved 425984K
}
Event: 206.838 GC heap before
{Heap before GC invocations=68 (full 0):
 garbage-first heap   total 196608K, used 167065K [0x0000000080000000, 0x0000000100000000)
  region size 1024K, 25 young (25600K), 3 survivors (3072K)
 Metaspace       used 98311K, committed 99200K, reserved 557056K
  class space    used 13702K, committed 14144K, reserved 425984K
}
Event: 206.846 GC heap after
{Heap after GC invocations=69 (full 0):
 garbage-first heap   total 196608K, used 147425K [0x0000000080000000, 0x0000000100000000)
  region size 1024K, 3 young (3072K), 3 survivors (3072K)
 Metaspace       used 98311K, committed 99200K, reserved 557056K
  class space    used 13702K, committed 14144K, reserved 425984K
}
Event: 208.512 GC heap before
{Heap before GC invocations=69 (full 0):
 garbage-first heap   total 196608K, used 172001K [0x0000000080000000, 0x0000000100000000)
  region size 1024K, 23 young (23552K), 3 survivors (3072K)
 Metaspace       used 100089K, committed 101120K, reserved 557056K
  class space    used 13844K, committed 14336K, reserved 425984K
}
Event: 208.520 GC heap after
{Heap after GC invocations=70 (full 0):
 garbage-first heap   total 196608K, used 150528K [0x0000000080000000, 0x0000000100000000)
  region size 1024K, 3 young (3072K), 3 survivors (3072K)
 Metaspace       used 100089K, committed 101120K, reserved 557056K
  class space    used 13844K, committed 14336K, reserved 425984K
}
Event: 210.061 GC heap before
{Heap before GC invocations=70 (full 0):
 garbage-first heap   total 196608K, used 168960K [0x0000000080000000, 0x0000000100000000)
  region size 1024K, 21 young (21504K), 3 survivors (3072K)
 Metaspace       used 100498K, committed 101440K, reserved 557056K
  class space    used 13894K, committed 14336K, reserved 425984K
}
Event: 210.067 GC heap after
{Heap after GC invocations=71 (full 0):
 garbage-first heap   total 196608K, used 151827K [0x0000000080000000, 0x0000000100000000)
  region size 1024K, 2 young (2048K), 2 survivors (2048K)
 Metaspace       used 100498K, committed 101440K, reserved 557056K
  class space    used 13894K, committed 14336K, reserved 425984K
}
Event: 210.930 GC heap before
{Heap before GC invocations=71 (full 0):
 garbage-first heap   total 196608K, used 168211K [0x0000000080000000, 0x0000000100000000)
  region size 1024K, 19 young (19456K), 2 survivors (2048K)
 Metaspace       used 100719K, committed 101632K, reserved 557056K
  class space    used 13901K, committed 14336K, reserved 425984K
}
Event: 210.935 GC heap after
{Heap after GC invocations=72 (full 0):
 garbage-first heap   total 196608K, used 152369K [0x0000000080000000, 0x0000000100000000)
  region size 1024K, 2 young (2048K), 2 survivors (2048K)
 Metaspace       used 100719K, committed 101632K, reserved 557056K
  class space    used 13901K, committed 14336K, reserved 425984K
}
Event: 212.234 GC heap before
{Heap before GC invocations=72 (full 0):
 garbage-first heap   total 196608K, used 169777K [0x0000000080000000, 0x0000000100000000)
  region size 1024K, 20 young (20480K), 2 survivors (2048K)
 Metaspace       used 101236K, committed 102208K, reserved 557056K
  class space    used 13995K, committed 14464K, reserved 425984K
}
Event: 212.239 GC heap after
{Heap after GC invocations=73 (full 0):
 garbage-first heap   total 196608K, used 153211K [0x0000000080000000, 0x0000000100000000)
  region size 1024K, 2 young (2048K), 2 survivors (2048K)
 Metaspace       used 101236K, committed 102208K, reserved 557056K
  class space    used 13995K, committed 14464K, reserved 425984K
}
Event: 214.203 GC heap before
{Heap before GC invocations=73 (full 0):
 garbage-first heap   total 196608K, used 169595K [0x0000000080000000, 0x0000000100000000)
  region size 1024K, 19 young (19456K), 2 survivors (2048K)
 Metaspace       used 101294K, committed 102272K, reserved 557056K
  class space    used 13999K, committed 14464K, reserved 425984K
}
Event: 214.209 GC heap after
{Heap after GC invocations=74 (full 0):
 garbage-first heap   total 196608K, used 156049K [0x0000000080000000, 0x0000000100000000)
  region size 1024K, 3 young (3072K), 3 survivors (3072K)
 Metaspace       used 101294K, committed 102272K, reserved 557056K
  class space    used 13999K, committed 14464K, reserved 425984K
}

Dll operation events (14 events):
Event: 0.196 Loaded shared library C:\Program Files\Microsoft\jdk-17.0.8.7-hotspot\bin\java.dll
Event: 0.214 Loaded shared library C:\Program Files\Microsoft\jdk-17.0.8.7-hotspot\bin\jsvml.dll
Event: 0.279 Loaded shared library C:\Program Files\Microsoft\jdk-17.0.8.7-hotspot\bin\zip.dll
Event: 0.339 Loaded shared library C:\Program Files\Microsoft\jdk-17.0.8.7-hotspot\bin\instrument.dll
Event: 0.382 Loaded shared library C:\Program Files\Microsoft\jdk-17.0.8.7-hotspot\bin\net.dll
Event: 0.384 Loaded shared library C:\Program Files\Microsoft\jdk-17.0.8.7-hotspot\bin\nio.dll
Event: 0.388 Loaded shared library C:\Program Files\Microsoft\jdk-17.0.8.7-hotspot\bin\zip.dll
Event: 0.678 Loaded shared library C:\Program Files\Microsoft\jdk-17.0.8.7-hotspot\bin\jimage.dll
Event: 0.791 Loaded shared library C:\Program Files\Microsoft\jdk-17.0.8.7-hotspot\bin\verify.dll
Event: 1.085 Loaded shared library C:\Users\alima\.gradle\native\68d5fa5c4cc2d200863cafc0d521ce42e7d3e7ee720ec0a83991735586a16f82\windows-amd64\native-platform.dll
Event: 1.345 Loaded shared library C:\Users\alima\.gradle\native\e376f236ea51e6404a007f0833ffe2c6e607c4080706a723a18a27aeea778392\windows-amd64\native-platform-file-events.dll
Event: 14.836 Loaded shared library C:\Program Files\Microsoft\jdk-17.0.8.7-hotspot\bin\management.dll
Event: 14.840 Loaded shared library C:\Program Files\Microsoft\jdk-17.0.8.7-hotspot\bin\management_ext.dll
Event: 17.271 Loaded shared library C:\Program Files\Microsoft\jdk-17.0.8.7-hotspot\bin\sunmscapi.dll

Deoptimization events (20 events):
Event: 212.309 Thread 0x000002074c3195a0 Uncommon trap: trap_request=0xffffffbe fr.pc=0x000002071d768d34 relative=0x00000000000003d4
Event: 212.309 Thread 0x000002074c3195a0 Uncommon trap: reason=profile_predicate action=maybe_recompile pc=0x000002071d768d34 method=java.util.Collections.indexedBinarySearch(Ljava/util/List;Ljava/lang/Object;Ljava/util/Comparator;)I @ 15 c2
Event: 212.309 Thread 0x000002074c3195a0 DEOPT PACKING pc=0x000002071d768d34 sp=0x000000cb2c5fdd50
Event: 212.309 Thread 0x000002074c3195a0 DEOPT UNPACKING pc=0x000002071cc969a3 sp=0x000000cb2c5fdc68 mode 2
Event: 212.309 Thread 0x000002074c3195a0 Uncommon trap: trap_request=0xffffffbe fr.pc=0x000002071d768d34 relative=0x00000000000003d4
Event: 212.309 Thread 0x000002074c3195a0 Uncommon trap: reason=profile_predicate action=maybe_recompile pc=0x000002071d768d34 method=java.util.Collections.indexedBinarySearch(Ljava/util/List;Ljava/lang/Object;Ljava/util/Comparator;)I @ 15 c2
Event: 212.309 Thread 0x000002074c3195a0 DEOPT PACKING pc=0x000002071d768d34 sp=0x000000cb2c5fdd40
Event: 212.309 Thread 0x000002074c3195a0 DEOPT UNPACKING pc=0x000002071cc969a3 sp=0x000000cb2c5fdc58 mode 2
Event: 212.309 Thread 0x000002074c3195a0 Uncommon trap: trap_request=0xffffffbe fr.pc=0x000002071d768d34 relative=0x00000000000003d4
Event: 212.309 Thread 0x000002074c3195a0 Uncommon trap: reason=profile_predicate action=maybe_recompile pc=0x000002071d768d34 method=java.util.Collections.indexedBinarySearch(Ljava/util/List;Ljava/lang/Object;Ljava/util/Comparator;)I @ 15 c2
Event: 212.309 Thread 0x000002074c3195a0 DEOPT PACKING pc=0x000002071d768d34 sp=0x000000cb2c5fdd40
Event: 212.309 Thread 0x000002074c3195a0 DEOPT UNPACKING pc=0x000002071cc969a3 sp=0x000000cb2c5fdc58 mode 2
Event: 212.309 Thread 0x000002074c3195a0 Uncommon trap: trap_request=0xffffffbe fr.pc=0x000002071d768d34 relative=0x00000000000003d4
Event: 212.309 Thread 0x000002074c3195a0 Uncommon trap: reason=profile_predicate action=maybe_recompile pc=0x000002071d768d34 method=java.util.Collections.indexedBinarySearch(Ljava/util/List;Ljava/lang/Object;Ljava/util/Comparator;)I @ 15 c2
Event: 212.309 Thread 0x000002074c3195a0 DEOPT PACKING pc=0x000002071d768d34 sp=0x000000cb2c5fdd30
Event: 212.309 Thread 0x000002074c3195a0 DEOPT UNPACKING pc=0x000002071cc969a3 sp=0x000000cb2c5fdc48 mode 2
Event: 212.314 Thread 0x000002075117c070 Uncommon trap: trap_request=0xffffffbe fr.pc=0x000002071d769d60 relative=0x0000000000000380
Event: 212.314 Thread 0x000002075117c070 Uncommon trap: reason=profile_predicate action=maybe_recompile pc=0x000002071d769d60 method=java.util.Collections.indexedBinarySearch(Ljava/util/List;Ljava/lang/Object;Ljava/util/Comparator;)I @ 15 c2
Event: 212.314 Thread 0x000002075117c070 DEOPT PACKING pc=0x000002071d769d60 sp=0x000000cb319f9710
Event: 212.314 Thread 0x000002075117c070 DEOPT UNPACKING pc=0x000002071cc969a3 sp=0x000000cb319f96c0 mode 2

Classes unloaded (0 events):
No events

Classes redefined (0 events):
No events

Internal exceptions (20 events):
Event: 204.543 Thread 0x000002074c754840 Implicit null exception at 0x000002071d909ace to 0x000002071d90a448
Event: 204.910 Thread 0x000002074c754840 Exception <a 'java/lang/IncompatibleClassChangeError'{0x000000008acd7160}: Found class java.lang.Object, but interface was expected> (0x000000008acd7160) 
thrown [s\src\hotspot\share\interpreter\linkResolver.cpp, line 826]
Event: 205.316 Thread 0x000002074c754840 Exception <a 'sun/nio/fs/WindowsException'{0x000000008bdc67b0}> (0x000000008bdc67b0) 
thrown [s\src\hotspot\share\prims\jni.cpp, line 516]
Event: 205.316 Thread 0x000002074c754840 Exception <a 'sun/nio/fs/WindowsException'{0x000000008bdc7df0}> (0x000000008bdc7df0) 
thrown [s\src\hotspot\share\prims\jni.cpp, line 516]
Event: 205.316 Thread 0x000002074c754840 Exception <a 'sun/nio/fs/WindowsException'{0x000000008bdc9480}> (0x000000008bdc9480) 
thrown [s\src\hotspot\share\prims\jni.cpp, line 516]
Event: 205.316 Thread 0x000002074c754840 Exception <a 'sun/nio/fs/WindowsException'{0x000000008bdcab10}> (0x000000008bdcab10) 
thrown [s\src\hotspot\share\prims\jni.cpp, line 516]
Event: 207.747 Thread 0x000002074c754840 Exception <a 'java/lang/NoSuchMethodError'{0x000000008b2122a0}: static Lcom/android/build/gradle/internal/profile/ProjectData;.<clinit>()V> (0x000000008b2122a0) 
thrown [s\src\hotspot\share\prims\jni.cpp, line 1107]
Event: 207.764 Thread 0x000002074c754840 Exception <a 'java/lang/NoSuchMethodError'{0x000000008b277688}: static Lcom/android/build/gradle/internal/profile/TaskMetadata;.<clinit>()V> (0x000000008b277688) 
thrown [s\src\hotspot\share\prims\jni.cpp, line 1107]
Event: 208.173 Thread 0x000002074c754840 Exception <a 'sun/nio/fs/WindowsException'{0x000000008ae22260}> (0x000000008ae22260) 
thrown [s\src\hotspot\share\prims\jni.cpp, line 516]
Event: 208.584 Thread 0x000002074d479df0 Exception <a 'java/lang/NoSuchMethodError'{0x000000008deb8d68}: 'void java.lang.invoke.DirectMethodHandle$Holder.invokeStatic(java.lang.Object, java.lang.Object, java.lang.Object, java.lang.Object, int, java.lang.Object, java.lang.Object)'> (0x000000008deb8d68) 
thrown [s\src\hotspot\share\interpreter\linkResolver.cpp, line 759]
Event: 208.642 Thread 0x000002074d479df0 Exception <a 'java/lang/NoSuchMethodError'{0x000000008bc2e4a8}: 'java.lang.Object java.lang.invoke.DirectMethodHandle$Holder.invokeSpecialIFC(java.lang.Object, java.lang.Object, java.lang.Object)'> (0x000000008bc2e4a8) 
thrown [s\src\hotspot\share\interpreter\linkResolver.cpp, line 759]
Event: 209.658 Thread 0x0000020751180240 Exception <a 'java/lang/NoSuchMethodError'{0x000000008b2e3ad0}: 'void java.lang.invoke.DirectMethodHandle$Holder.invokeVirtual(java.lang.Object, java.lang.Object)'> (0x000000008b2e3ad0) 
thrown [s\src\hotspot\share\interpreter\linkResolver.cpp, line 759]
Event: 210.440 Thread 0x000002074d479df0 Implicit null exception at 0x000002071d3430b9 to 0x000002071d3435b4
Event: 211.912 Thread 0x000002075117c070 Exception <a 'java/lang/ClassNotFoundException'{0x000000008b019a20}: groovy/util/FileTreeBuilderBeanInfo> (0x000000008b019a20) 
thrown [s\src\hotspot\share\classfile\systemDictionary.cpp, line 256]
Event: 211.913 Thread 0x000002075117c070 Exception <a 'java/lang/ClassNotFoundException'{0x000000008b08be68}: groovy/util/FileTreeBuilderCustomizer> (0x000000008b08be68) 
thrown [s\src\hotspot\share\classfile\systemDictionary.cpp, line 256]
Event: 211.966 Thread 0x000002075117c070 Exception <a 'java/lang/ClassNotFoundException'{0x000000008af59178}: java/io/BufferedWriterBeanInfo> (0x000000008af59178) 
thrown [s\src\hotspot\share\classfile\systemDictionary.cpp, line 256]
Event: 211.966 Thread 0x000002075117c070 Exception <a 'java/lang/ClassNotFoundException'{0x000000008af5f510}: java/io/WriterBeanInfo> (0x000000008af5f510) 
thrown [s\src\hotspot\share\classfile\systemDictionary.cpp, line 256]
Event: 211.966 Thread 0x000002075117c070 Exception <a 'java/lang/ClassNotFoundException'{0x000000008af65918}: java/io/WriterCustomizer> (0x000000008af65918) 
thrown [s\src\hotspot\share\classfile\systemDictionary.cpp, line 256]
Event: 211.967 Thread 0x000002075117c070 Exception <a 'java/lang/ClassNotFoundException'{0x000000008af74e98}: java/io/BufferedWriterCustomizer> (0x000000008af74e98) 
thrown [s\src\hotspot\share\classfile\systemDictionary.cpp, line 256]
Event: 212.135 Thread 0x000002075117c070 Exception <a 'java/lang/NoSuchMethodError'{0x000000008ad82408}: static Lcom/android/build/api/variant/BuildConfigField;.<clinit>()V> (0x000000008ad82408) 
thrown [s\src\hotspot\share\prims\jni.cpp, line 1107]

VM Operations (20 events):
Event: 210.930 Executing VM operation: G1CollectForAllocation
Event: 210.936 Executing VM operation: G1CollectForAllocation done
Event: 211.331 Executing VM operation: HandshakeAllThreads
Event: 211.331 Executing VM operation: HandshakeAllThreads done
Event: 211.916 Executing VM operation: HandshakeAllThreads
Event: 211.958 Executing VM operation: HandshakeAllThreads done
Event: 211.958 Executing VM operation: Cleanup
Event: 211.958 Executing VM operation: Cleanup done
Event: 211.960 Executing VM operation: HandshakeAllThreads
Event: 211.960 Executing VM operation: HandshakeAllThreads done
Event: 212.234 Executing VM operation: G1CollectForAllocation
Event: 212.240 Executing VM operation: G1CollectForAllocation done
Event: 213.241 Executing VM operation: Cleanup
Event: 213.241 Executing VM operation: Cleanup done
Event: 214.203 Executing VM operation: G1CollectForAllocation
Event: 214.211 Executing VM operation: G1CollectForAllocation done
Event: 217.232 Executing VM operation: Cleanup
Event: 217.232 Executing VM operation: Cleanup done
Event: 218.247 Executing VM operation: Cleanup
Event: 218.247 Executing VM operation: Cleanup done

Events (20 events):
Event: 211.297 Thread 0x0000020757f41ed0 Thread added: 0x0000020757f41ed0
Event: 211.894 Thread 0x0000020757bfeae0 Thread exited: 0x0000020757bfeae0
Event: 211.965 loading class java/io/BufferedWriterBeanInfo
Event: 211.965 loading class java/io/BufferedWriterBeanInfo done
Event: 211.966 loading class java/io/BufferedWriterBeanInfo
Event: 211.966 loading class java/io/BufferedWriterBeanInfo done
Event: 211.966 loading class java/io/WriterBeanInfo
Event: 211.966 loading class java/io/WriterBeanInfo done
Event: 211.966 loading class java/io/WriterBeanInfo
Event: 211.966 loading class java/io/WriterBeanInfo done
Event: 211.966 loading class java/io/WriterCustomizer
Event: 211.966 loading class java/io/WriterCustomizer done
Event: 211.966 loading class java/io/WriterCustomizer
Event: 211.966 loading class java/io/WriterCustomizer done
Event: 211.966 loading class java/io/BufferedWriterCustomizer
Event: 211.966 loading class java/io/BufferedWriterCustomizer done
Event: 211.967 loading class java/io/BufferedWriterCustomizer
Event: 211.967 loading class java/io/BufferedWriterCustomizer done
Event: 211.983 Thread 0x0000020757bfeae0 Thread added: 0x0000020757bfeae0
Event: 212.699 Thread 0x0000020757bfeae0 Thread exited: 0x0000020757bfeae0


Dynamic libraries:
0x00007ff6ce670000 - 0x00007ff6ce67e000 	C:\Program Files\Microsoft\jdk-17.0.8.7-hotspot\bin\java.exe
0x00007ffe43530000 - 0x00007ffe43728000 	C:\Windows\SYSTEM32\ntdll.dll
0x00007ffe415f0000 - 0x00007ffe416ad000 	C:\Windows\System32\KERNEL32.DLL
0x00007ffe41230000 - 0x00007ffe41526000 	C:\Windows\System32\KERNELBASE.dll
0x00007ffe40ee0000 - 0x00007ffe40fe0000 	C:\Windows\System32\ucrtbase.dll
0x00007ffe1c770000 - 0x00007ffe1c78b000 	C:\Program Files\Microsoft\jdk-17.0.8.7-hotspot\bin\VCRUNTIME140.dll
0x00007ffe1c550000 - 0x00007ffe1c567000 	C:\Program Files\Microsoft\jdk-17.0.8.7-hotspot\bin\jli.dll
0x00007ffe42700000 - 0x00007ffe4289e000 	C:\Windows\System32\USER32.dll
0x00007ffe411d0000 - 0x00007ffe411f2000 	C:\Windows\System32\win32u.dll
0x00007ffe43160000 - 0x00007ffe4318c000 	C:\Windows\System32\GDI32.dll
0x00007ffe40c70000 - 0x00007ffe40d8a000 	C:\Windows\System32\gdi32full.dll
0x00007ffe40e40000 - 0x00007ffe40edd000 	C:\Windows\System32\msvcp_win.dll
0x00007ffe3bbc0000 - 0x00007ffe3be5a000 	C:\Windows\WinSxS\amd64_microsoft.windows.common-controls_6595b64144ccf1df_6.0.19041.3636_none_60b6a03d71f818d5\COMCTL32.dll
0x00007ffe42fa0000 - 0x00007ffe4303e000 	C:\Windows\System32\msvcrt.dll
0x00007ffe42360000 - 0x00007ffe42390000 	C:\Windows\System32\IMM32.DLL
0x00007ffe2e350000 - 0x00007ffe2e35c000 	C:\Program Files\Microsoft\jdk-17.0.8.7-hotspot\bin\vcruntime140_1.dll
0x00007ffe00cb0000 - 0x00007ffe00d3d000 	C:\Program Files\Microsoft\jdk-17.0.8.7-hotspot\bin\msvcp140.dll
0x00007ffdeccb0000 - 0x00007ffded915000 	C:\Program Files\Microsoft\jdk-17.0.8.7-hotspot\bin\server\jvm.dll
0x00007ffe42570000 - 0x00007ffe42623000 	C:\Windows\System32\ADVAPI32.dll
0x00007ffe417d0000 - 0x00007ffe4186f000 	C:\Windows\System32\sechost.dll
0x00007ffe42390000 - 0x00007ffe424b6000 	C:\Windows\System32\RPCRT4.dll
0x00007ffe41200000 - 0x00007ffe41227000 	C:\Windows\System32\bcrypt.dll
0x00007ffe409b0000 - 0x00007ffe409fb000 	C:\Windows\SYSTEM32\POWRPROF.dll
0x00007ffe324d0000 - 0x00007ffe324d9000 	C:\Windows\SYSTEM32\WSOCK32.dll
0x00007ffe42290000 - 0x00007ffe422fb000 	C:\Windows\System32\WS2_32.dll
0x00007ffe37b40000 - 0x00007ffe37b4a000 	C:\Windows\SYSTEM32\VERSION.dll
0x00007ffe35070000 - 0x00007ffe35097000 	C:\Windows\SYSTEM32\WINMM.dll
0x00007ffe40960000 - 0x00007ffe40972000 	C:\Windows\SYSTEM32\UMPDC.dll
0x00007ffe3e9b0000 - 0x00007ffe3e9c2000 	C:\Windows\SYSTEM32\kernel.appcore.dll
0x00007ffe2dad0000 - 0x00007ffe2dada000 	C:\Program Files\Microsoft\jdk-17.0.8.7-hotspot\bin\jimage.dll
0x00007ffe39910000 - 0x00007ffe39af4000 	C:\Windows\SYSTEM32\DBGHELP.DLL
0x00007ffe2de70000 - 0x00007ffe2dea4000 	C:\Windows\SYSTEM32\dbgcore.DLL
0x00007ffe40fe0000 - 0x00007ffe41062000 	C:\Windows\System32\bcryptPrimitives.dll
0x00007ffe2c810000 - 0x00007ffe2c81e000 	C:\Program Files\Microsoft\jdk-17.0.8.7-hotspot\bin\instrument.dll
0x00007ffe0fa10000 - 0x00007ffe0fa35000 	C:\Program Files\Microsoft\jdk-17.0.8.7-hotspot\bin\java.dll
0x00007ffdff580000 - 0x00007ffdff657000 	C:\Program Files\Microsoft\jdk-17.0.8.7-hotspot\bin\jsvml.dll
0x00007ffe41b30000 - 0x00007ffe42275000 	C:\Windows\System32\SHELL32.dll
0x00007ffe3ec90000 - 0x00007ffe3f42b000 	C:\Windows\SYSTEM32\windows.storage.dll
0x00007ffe43190000 - 0x00007ffe434e4000 	C:\Windows\System32\combase.dll
0x00007ffe40490000 - 0x00007ffe404bd000 	C:\Windows\SYSTEM32\Wldp.dll
0x00007ffe41a20000 - 0x00007ffe41acd000 	C:\Windows\System32\SHCORE.dll
0x00007ffe43100000 - 0x00007ffe43155000 	C:\Windows\System32\shlwapi.dll
0x00007ffe40b30000 - 0x00007ffe40b55000 	C:\Windows\SYSTEM32\profapi.dll
0x00007ffe187b0000 - 0x00007ffe187c8000 	C:\Program Files\Microsoft\jdk-17.0.8.7-hotspot\bin\zip.dll
0x00007ffe1b9c0000 - 0x00007ffe1b9d9000 	C:\Program Files\Microsoft\jdk-17.0.8.7-hotspot\bin\net.dll
0x00007ffe39540000 - 0x00007ffe3964a000 	C:\Windows\SYSTEM32\WINHTTP.dll
0x00007ffe40260000 - 0x00007ffe402ca000 	C:\Windows\system32\mswsock.dll
0x00007ffe1a5c0000 - 0x00007ffe1a5d6000 	C:\Program Files\Microsoft\jdk-17.0.8.7-hotspot\bin\nio.dll
0x00007ffe2d500000 - 0x00007ffe2d510000 	C:\Program Files\Microsoft\jdk-17.0.8.7-hotspot\bin\verify.dll
0x00007ffe00c80000 - 0x00007ffe00ca7000 	C:\Users\alima\.gradle\native\68d5fa5c4cc2d200863cafc0d521ce42e7d3e7ee720ec0a83991735586a16f82\windows-amd64\native-platform.dll
0x00007ffdf9cc0000 - 0x00007ffdf9e04000 	C:\Users\alima\.gradle\native\e376f236ea51e6404a007f0833ffe2c6e607c4080706a723a18a27aeea778392\windows-amd64\native-platform-file-events.dll
0x00007ffe2d4a0000 - 0x00007ffe2d4a9000 	C:\Program Files\Microsoft\jdk-17.0.8.7-hotspot\bin\management.dll
0x00007ffe2cb00000 - 0x00007ffe2cb0b000 	C:\Program Files\Microsoft\jdk-17.0.8.7-hotspot\bin\management_ext.dll
0x00007ffe42280000 - 0x00007ffe42288000 	C:\Windows\System32\PSAPI.DLL
0x00007ffe404c0000 - 0x00007ffe404d8000 	C:\Windows\SYSTEM32\CRYPTSP.dll
0x00007ffe3fbb0000 - 0x00007ffe3fbe4000 	C:\Windows\system32\rsaenh.dll
0x00007ffe40ab0000 - 0x00007ffe40ade000 	C:\Windows\SYSTEM32\USERENV.dll
0x00007ffe403f0000 - 0x00007ffe403fc000 	C:\Windows\SYSTEM32\CRYPTBASE.dll
0x00007ffe3ff70000 - 0x00007ffe3ffab000 	C:\Windows\SYSTEM32\IPHLPAPI.DLL
0x00007ffe41580000 - 0x00007ffe41588000 	C:\Windows\System32\NSI.dll
0x00007ffe3aaf0000 - 0x00007ffe3ab07000 	C:\Windows\SYSTEM32\dhcpcsvc6.DLL
0x00007ffe3aa60000 - 0x00007ffe3aa7d000 	C:\Windows\SYSTEM32\dhcpcsvc.DLL
0x00007ffe3ffb0000 - 0x00007ffe4007a000 	C:\Windows\SYSTEM32\DNSAPI.dll
0x00007ffe2c7b0000 - 0x00007ffe2c7be000 	C:\Program Files\Microsoft\jdk-17.0.8.7-hotspot\bin\sunmscapi.dll
0x00007ffe41070000 - 0x00007ffe411cd000 	C:\Windows\System32\CRYPT32.dll
0x00007ffe40540000 - 0x00007ffe40568000 	C:\Windows\SYSTEM32\ncrypt.dll
0x00007ffe404e0000 - 0x00007ffe4051b000 	C:\Windows\SYSTEM32\NTASN1.dll
0x00007ffe33cf0000 - 0x00007ffe33cf7000 	C:\Windows\system32\wshunix.dll
0x00007ffe3bb30000 - 0x00007ffe3bb47000 	C:\Windows\system32\napinsp.dll
0x00007ffe3ba30000 - 0x00007ffe3ba4b000 	C:\Windows\system32\pnrpnsp.dll
0x00007ffe3b9e0000 - 0x00007ffe3b9f5000 	C:\Windows\system32\wshbth.dll
0x00007ffe3c590000 - 0x00007ffe3c5ad000 	C:\Windows\system32\NLAapi.dll
0x00007ffe3b430000 - 0x00007ffe3b442000 	C:\Windows\System32\winrnr.dll
0x00007ffe325e0000 - 0x00007ffe325ea000 	C:\Windows\System32\rasadhlp.dll
0x00007ffe34ff0000 - 0x00007ffe35070000 	C:\Windows\System32\fwpuclnt.dll

dbghelp: loaded successfully - version: 4.0.5 - missing functions: none
symbol engine: initialized successfully - sym options: 0x614 - pdb path: .;C:\Program Files\Microsoft\jdk-17.0.8.7-hotspot\bin;C:\Windows\SYSTEM32;C:\Windows\WinSxS\amd64_microsoft.windows.common-controls_6595b64144ccf1df_6.0.19041.3636_none_60b6a03d71f818d5;C:\Program Files\Microsoft\jdk-17.0.8.7-hotspot\bin\server;C:\Users\alima\.gradle\native\68d5fa5c4cc2d200863cafc0d521ce42e7d3e7ee720ec0a83991735586a16f82\windows-amd64;C:\Users\alima\.gradle\native\e376f236ea51e6404a007f0833ffe2c6e607c4080706a723a18a27aeea778392\windows-amd64

VM Arguments:
jvm_args: -XX:MaxMetaspaceSize=512m --add-opens=java.base/java.util=ALL-UNNAMED --add-opens=java.base/java.lang=ALL-UNNAMED --add-opens=java.base/java.lang.invoke=ALL-UNNAMED --add-opens=java.prefs/java.util.prefs=ALL-UNNAMED --add-opens=java.base/java.nio.charset=ALL-UNNAMED --add-opens=java.base/java.net=ALL-UNNAMED --add-opens=java.base/java.util.concurrent.atomic=ALL-UNNAMED -Xmx2048m -Dfile.encoding=windows-1252 -Duser.country=BR -Duser.language=pt -Duser.variant -javaagent:C:\Users\alima\.gradle\wrapper\dists\gradle-8.3-all\6en3ugtfdg5xnpx44z4qbwgas\gradle-8.3\lib\agents\gradle-instrumentation-agent-8.3.jar 
java_command: org.gradle.launcher.daemon.bootstrap.GradleDaemon 8.3
java_class_path (initial): C:\Users\alima\.gradle\wrapper\dists\gradle-8.3-all\6en3ugtfdg5xnpx44z4qbwgas\gradle-8.3\lib\gradle-launcher-8.3.jar
Launcher Type: SUN_STANDARD

[Global flags]
     intx CICompilerCount                          = 3                                         {product} {ergonomic}
   size_t CompressedClassSpaceSize                 = 436207616                                 {product} {ergonomic}
     uint ConcGCThreads                            = 1                                         {product} {ergonomic}
     uint G1ConcRefinementThreads                  = 4                                         {product} {ergonomic}
   size_t G1HeapRegionSize                         = 1048576                                   {product} {ergonomic}
    uintx GCDrainStackTargetSize                   = 64                                        {product} {ergonomic}
   size_t InitialHeapSize                          = 234881024                                 {product} {ergonomic}
   size_t MarkStackSize                            = 4194304                                   {product} {ergonomic}
   size_t MaxHeapSize                              = 2147483648                                {product} {command line}
   size_t MaxMetaspaceSize                         = 536870912                                 {product} {command line}
   size_t MaxNewSize                               = 1287651328                                {product} {ergonomic}
   size_t MinHeapDeltaBytes                        = 1048576                                   {product} {ergonomic}
   size_t MinHeapSize                              = 8388608                                   {product} {ergonomic}
    uintx NonNMethodCodeHeapSize                   = 5832780                                {pd product} {ergonomic}
    uintx NonProfiledCodeHeapSize                  = 122912730                              {pd product} {ergonomic}
    uintx ProfiledCodeHeapSize                     = 122912730                              {pd product} {ergonomic}
    uintx ReservedCodeCacheSize                    = 251658240                              {pd product} {ergonomic}
     bool SegmentedCodeCache                       = true                                      {product} {ergonomic}
   size_t SoftMaxHeapSize                          = 2147483648                             {manageable} {ergonomic}
     bool UseCompressedClassPointers               = true                           {product lp64_product} {ergonomic}
     bool UseCompressedOops                        = true                           {product lp64_product} {ergonomic}
     bool UseG1GC                                  = true                                      {product} {ergonomic}
     bool UseLargePagesIndividualAllocation        = false                                  {pd product} {ergonomic}

Logging:
Log output configuration:
 #0: stdout all=warning uptime,level,tags
 #1: stderr all=off uptime,level,tags

Environment Variables:
JAVA_HOME=C:\Program Files\Microsoft\jdk-17.0.8.7-hotspot\
CLASSPATH=C:\projetos\stock_control\android\\gradle\wrapper\gradle-wrapper.jar
PATH=C:\projetos\stock_control\node_modules\.bin;C:\projetos\stock_control\node_modules\.bin;C:\projetos\node_modules\.bin;C:\node_modules\.bin;C:\Program Files\nodejs\node_modules\npm\node_modules\@npmcli\run-script\lib\node-gyp-bin;C:\Program Files\Microsoft\jdk-17.0.8.7-hotspot\bin;C:\Program Files\Common Files\Oracle\Java\javapath;C:\Program Files\Eclipse Adoptium\jdk-11.0.16.101-hotspot\bin;C:\Windows\system32;C:\Windows;C:\Windows\System32\Wbem;C:\Windows\System32\WindowsPowerShell\v1.0\;C:\Windows\System32\OpenSSH\;C:\ProgramData\chocolatey\bin;C:\Program Files\Git\cmd;C:\MinGW\bin;C:\Program Files\MySQL\MySQL Server 8.0\bin;;C:\Program Files\nodejs\;C:\Users\alima\AppData\Local\Programs\Python\Python312\Scripts\;C:\Users\alima\AppData\Local\Programs\Python\Python312\;C:\Users\alima\.console-ninja\.bin;C:\Users\alima\AppData\Local\Android\Sdk\tools;C:\Users\alima\AppData\Local\Microsoft\WindowsApps;C:\Users\alima\AppData\Local\Programs\Microsoft VS Code\bin;C:\Users\alima\AppData\Local\GitHubDesktop\bin;C:\Users\alima\AppData\Local\Android\Sdk\platform-tools;C:\Gradle\gradle-5.4.1\bin;C:\MinGW\bin;C:\Users\alima\AppData\Roaming\npm
USERNAME=alima
OS=Windows_NT
PROCESSOR_IDENTIFIER=AMD64 Family 23 Model 24 Stepping 1, AuthenticAMD
TMP=C:\Users\alima\AppData\Local\Temp
TEMP=C:\Users\alima\AppData\Local\Temp



---------------  S Y S T E M  ---------------

OS:
 Windows 10 , 64 bit Build 19041 (10.0.19041.3636)
OS uptime: 3 days 0:23 hours
Hyper-V role detected

CPU: total 4 (initial active 4) (4 cores per cpu, 2 threads per core) family 23 model 24 stepping 1 microcode 0x0, cx8, cmov, fxsr, ht, mmx, 3dnowpref, sse, sse2, sse3, ssse3, sse4a, sse4.1, sse4.2, popcnt, lzcnt, tsc, tscinvbit, avx, avx2, aes, clmul, bmi1, bmi2, adx, sha, fma, vzeroupper, clflush, clflushopt, hv
Processor Information for all 4 processors :
  Max Mhz: 3500, Current Mhz: 3500, Mhz Limit: 3500

Memory: 4k page, system-wide physical 14265M (4283M free)
TotalPageFile size 22160M (AvailPageFile size 9306M)
current process WorkingSet (physical memory assigned to process): 465M, peak: 498M
current process commit charge ("private bytes"): 509M, peak: 540M

vm_info: OpenJDK 64-Bit Server VM (17.0.8+7-LTS) for windows-amd64 JRE (17.0.8+7-LTS), built on Jul  7 2023 17:21:55 by "MicrosoftCorporation" with MS VC++ 16.10 / 16.11 (VS2019)

END.
